32
0.027392
0.016864
0.014816
0.014176
0.0144
0.014208
0.01392
0.01392
0.01424
0.013952
 
64
0.040576
0.02816
0.02672
0.026848
0.028352
0.02688
0.026752
0.028544
0.028608
0.026944
 
128
0.093856
0.092096
0.092192
0.092256
0.092672
0.092256
0.092512
0.09216
0.092448
0.09376
 
256
0.356832
0.354016
0.357152
0.355232
0.356384
0.355008
0.353792
0.354688
0.356128
0.354272
 
512
1.40198
1.3999
1.40205
1.40224
1.40003
1.40077
1.40026
1.40227
1.4015
1.40176
 
1024
5.59104
5.59517
5.58813
5.58429
5.58918
5.59149
5.59466
5.59882
5.58368
5.58298
 
2048
22.3457
22.3631
22.3272
22.3677
22.3649
22.356
22.3473
22.3467
22.3708
22.332
 
