32
0.031136
0.019296
0.017824
0.016992
0.016928
0.017184
0.017088
0.017152
0.016832
0.017632
 
64
0.042592
0.030144
0.025312
0.026144
0.025472
0.025472
0.024928
0.026656
0.026112
0.026528
 
128
0.079488
0.07072
0.072384
0.071712
0.07136
0.070464
0.070784
0.07072
0.071296
0.072768
 
256
0.27504
0.273216
0.274112
0.273312
0.27312
0.27232
0.27408
0.272928
0.27008
0.2744
 
512
1.07619
1.07389
1.07322
1.07357
1.0745
1.0687
1.07536
1.07286
1.07232
1.07088
 
1024
4.27389
4.27216
4.27971
4.28416
4.26906
4.26586
4.2752
4.26723
4.27754
4.26915
 
2048
17.0444
17.0564
17.0657
17.0596
17.0439
17.0714
17.0464
17.0695
17.056
17.0534
 
