32
0.023008
0.012896
0.010464
0.010112
0.010368
0.009984
0.010272
0.0104
0.010176
0.010336
 
64
0.029984
0.01648
0.014496
0.01456
0.014496
0.014528
0.014464
0.014368
0.014592
0.014592
 
128
0.049504
0.048032
0.048032
0.048064
0.048064
0.047936
0.048064
0.048
0.048192
0.047936
 
256
0.197472
0.194592
0.194464
0.19472
0.194784
0.1944
0.194496
0.19392
0.1944
0.194784
 
512
0.76192
0.760512
0.760768
0.760352
0.75968
0.76016
0.760096
0.759488
0.760928
0.76112
 
1024
3.02355
3.02301
3.02275
3.02259
3.02125
3.02224
3.02077
3.02272
3.0239
3.02163
 
