32
0.022368
0.011648
0.008896
0.008416
0.00816
0.008192
0.008416
0.007968
0.008192
0.008384
 
64
0.019296
0.00656
0.005408
0.005472
0.00544
0.005472
0.005472
0.005408
0.005472
0.005376
 
128
0.01328
0.011424
0.011616
0.011456
0.011456
0.01152
0.01168
0.01152
0.011488
0.011488
 
256
0.046784
0.045472
0.044992
0.044992
0.04512
0.04448
0.045888
0.04496
0.045152
0.045216
 
512
0.167456
0.16576
0.166144
0.165824
0.165536
0.166592
0.166912
0.16592
0.166176
0.166496
 
1024
0.654496
0.65264
0.651712
0.653056
0.650656
0.652384
0.650912
0.649856
0.653376
0.652736
 
2048
2.59155
2.59302
2.59133
2.59082
2.59334
2.59178
2.59245
2.59114
2.59213
2.59571
 
