32
0.023904
0.01472
0.011104
0.01056
0.010496
0.010304
0.013536
0.012832
0.012032
0.010528
 
64
0.040928
0.017888
0.015968
0.015936
0.015968
0.016
0.01616
0.020672
0.015904
0.015968
 
128
0.05648
0.055776
0.05552
0.056608
0.054656
0.055552
0.05472
0.054624
0.055296
0.055648
 
256
0.269984
0.268672
0.268448
0.268352
0.268128
0.2688
0.268384
0.26848
0.26864
0.268512
 
512
1.06717
1.06458
1.06435
1.06384
1.06336
1.0649
1.06454
1.06483
1.06454
1.06538
 
1024
4.31222
4.30922
4.30816
4.30826
4.31088
4.30957
4.31078
4.30925
4.30835
4.31005
 
2048
17.0429
17.0376
17.0393
17.0372
17.0381
17.0362
17.0375
17.0344
17.0364
17.0383
 
