32
0.024864
0.01296
0.010752
0.010176
0.009984
0.01024
0.010496
0.009888
0.010144
0.0104
 
64
0.030912
0.015296
0.01248
0.012128
0.012224
0.012448
0.011968
0.011776
0.021536
0.011712
 
128
0.035168
0.030592
0.03056
0.030528
0.03056
0.030624
0.03056
0.030528
0.030592
0.030656
 
256
0.145952
0.144544
0.144096
0.144192
0.14432
0.14416
0.144352
0.14416
0.144096
0.14432
 
512
0.565824
0.563264
0.562944
0.562688
0.562944
0.562784
0.563104
0.5632
0.562656
0.563168
 
1024
2.24013
2.23888
2.23805
2.23862
2.23843
2.23866
2.23939
2.23949
2.24
2.23818
 
