32
0.037408
0.024352
0.022592
0.022048
0.021984
0.022048
0.0224
0.021952
0.021952
0.021952
 
64
0.05328
0.040704
0.040864
0.04048
0.04128
0.04144
0.04128
0.040384
0.040928
0.040832
 
128
0.129184
0.127808
0.126464
0.12656
0.126976
0.126816
0.128128
0.12832
0.128416
0.128032
 
256
0.487584
0.487648
0.485088
0.488
0.48464
0.486368
0.487744
0.485664
0.486752
0.487136
 
512
1.92624
1.92694
1.92768
1.93005
1.92624
1.92768
1.92762
1.92717
1.92435
1.92381
 
1024
7.69888
7.68842
7.69402
7.69094
7.69014
7.6912
7.65766
7.67802
7.69248
7.69574
 
2048
30.7274
30.6048
30.7494
30.6103
30.7727
30.7481
30.7769
30.7555
30.7606
30.6158
 
