32
0.029792
0.018368
0.016128
0.016448
0.016576
0.015936
0.015872
0.015904
0.015744
0.01632
 
64
0.034176
0.021056
0.018816
0.018016
0.017728
0.018016
0.017856
0.017888
0.017952
0.018912
 
128
0.068032
0.062592
0.062656
0.06272
0.062624
0.062464
0.062528
0.062464
0.062656
0.062496
 
256
0.256992
0.251424
0.254432
0.252192
0.252224
0.252224
0.252704
0.25216
0.252352
0.252768
 
512
1.00381
1.0072
1.00682
1.00563
1.00739
1.00893
1.00256
1.00378
1.00467
1.00608
 
1024
4.01398
4.00598
4.02
4.01581
4.01712
4.00547
4.00934
4.01622
4.00704
4.00666
 
2048
16.0435
16.0529
16.0378
16.0379
16.0377
16.0347
16.0427
16.0312
16.0253
16.0559
 
