32
0.054144
0.040672
0.037504
0.03744
0.036576
0.036736
0.03664
0.04304
0.038752
0.036928
 
64
0.077088
0.064576
0.062976
0.062752
0.062816
0.063104
0.062688
0.06288
0.063168
0.062976
 
128
0.244416
0.243584
0.243488
0.243648
0.242656
0.242912
0.24352
0.243712
0.24352
0.243552
 
256
0.973856
0.96976
0.97056
0.971744
0.972256
0.971616
0.97232
0.970784
0.97296
0.970784
 
512
3.87715
3.87469
3.87587
3.87507
3.87619
3.8759
3.87638
3.87453
3.87498
3.87491
 
1024
15.4932
15.4918
15.4919
15.4908
15.4891
15.4931
15.4911
15.49
15.4865
15.4931
 
2048
61.9444
61.9478
61.9413
61.9441
61.9465
61.9366
61.9445
61.9459
61.9365
61.9468
 
