32
0.032448
0.021056
0.019072
0.018752
0.016576
0.019424
0.018464
0.018336
0.018272
0.018144
 
64
0.0408
0.028672
0.028608
0.02864
0.028704
0.02864
0.028608
0.028672
0.028672
0.028768
 
128
0.1072
0.105824
0.105632
0.105792
0.105664
0.105696
0.105792
0.105408
0.10544
0.105792
 
256
0.423808
0.421376
0.428544
0.421408
0.4216
0.422048
0.421408
0.422304
0.422848
0.422048
 
512
1.67779
1.6743
1.67437
1.67555
1.6753
1.67578
1.67488
1.67466
1.67648
1.67418
 
1024
6.69578
6.69088
6.69213
6.69485
6.69222
6.69091
6.6897
6.69318
6.69254
6.69213
 
2048
26.7545
26.7443
26.7429
26.7599
26.743
26.755
26.7545
26.7458
26.7419
26.7454
 
