32
0.029184
0.018304
0.017056
0.015808
0.016128
0.015584
0.01584
0.015808
0.015776
0.015648
 
64
0.041408
0.028192
0.026784
0.025504
0.025664
0.025504
0.025664
0.025824
0.025632
0.025536
 
128
0.087392
0.085984
0.085824
0.08592
0.086016
0.085792
0.085888
0.085888
0.086464
0.08576
 
256
0.334496
0.332128
0.335968
0.335456
0.332096
0.335616
0.335296
0.336064
0.332288
0.336352
 
512
1.31738
1.31734
1.3167
1.31782
1.31674
1.31578
1.31674
1.31574
1.31437
1.3183
 
1024
5.26195
5.25939
5.25565
5.26438
5.25942
5.26531
5.25501
5.26106
5.25072
5.26528
 
2048
21.0313
20.9526
21.0594
21.0348
21.0036
20.9952
20.9817
21.0256
20.9818
21.0058
 
