32
0.031648
0.020544
0.017472
0.017056
0.017056
0.01648
0.01632
0.016576
0.016704
0.016512
 
64
0.040896
0.02864
0.02832
0.02816
0.027488
0.02768
0.027872
0.027616
0.027904
0.027584
 
128
0.085984
0.084096
0.083744
0.086144
0.086016
0.084352
0.085024
0.084288
0.084192
0.084064
 
256
0.3224
0.32112
0.319904
0.318592
0.322112
0.320448
0.319712
0.320928
0.32112
0.319072
 
512
1.25862
1.25715
1.25491
1.25203
1.25462
1.25571
1.25731
1.25709
1.25459
1.25571
 
1024
5.00435
4.99984
5.00336
4.9951
4.99859
4.99139
5.00381
5.00528
5.0055
4.99766
 
2048
19.9808
19.9772
19.991
19.9724
19.9872
19.9857
19.9777
19.9899
19.9854
19.9785
 
