32
0.036416
0.023872
0.022624
0.021888
0.02192
0.021728
0.022432
0.021984
0.02192
0.022272
 
64
0.048544
0.036096
0.03504
0.035008
0.035008
0.034976
0.034944
0.034976
0.034816
0.034912
 
128
0.132096
0.13056
0.130592
0.130816
0.13056
0.130848
0.130656
0.130688
0.1304
0.130624
 
256
0.52656
0.524
0.524288
0.52352
0.524736
0.524512
0.524576
0.52432
0.524224
0.524256
 
512
2.09034
2.08822
2.08643
2.0881
2.08634
2.08912
2.08893
2.08854
2.08739
2.08918
 
1024
8.33952
8.33891
8.33949
8.33843
8.34029
8.3369
8.34022
8.33846
8.33859
8.33664
 
2048
33.3502
33.3479
33.3442
33.3426
33.3443
33.3493
33.3352
33.3464
33.3404
33.3436
 
