32
0.057632
0.055456
0.055008
0.054016
0.055168
0.054144
0.055424
0.055104
0.055136
0.052992
 
64
0.088288
0.087104
0.08768
0.088928
0.088544
0.09056
0.089888
0.087104
0.09488
0.092768
 
128
0.294368
0.293696
0.29408
0.293632
0.29776
0.294688
0.294208
0.294624
0.294016
0.294336
 
256
1.17165
1.17152
1.17155
1.17114
1.17261
1.1711
1.17091
1.17254
1.1721
1.17165
 
512
4.66586
4.66656
4.66765
4.66688
4.66643
4.66717
4.66742
4.66979
4.6671
4.6665
 
1024
18.6464
18.6495
18.65
18.6491
18.6501
18.652
18.6397
18.6569
18.6519
18.6478
 
2048
74.5675
74.5625
74.5598
74.5792
74.5683
74.5668
74.5593
74.5722
74.5746
74.575
 
