32
0.039264
0.028224
0.026048
0.02544
0.025376
0.025408
0.025344
0.02528
0.025216
0.02528
 
64
0.057984
0.046304
0.046272
0.046048
0.046624
0.045984
0.046336
0.04624
0.04656
0.04624
 
128
0.144608
0.142624
0.14336
0.14224
0.143584
0.143264
0.142112
0.144384
0.143552
0.14336
 
256
0.5472
0.54784
0.545856
0.54608
0.544064
0.545952
0.545952
0.547264
0.547104
0.551584
 
512
2.16701
2.17286
2.16774
2.15418
2.16666
2.15584
2.16461
2.17082
2.17194
2.17603
 
1024
8.58768
8.64234
8.64886
8.63853
8.60154
8.65549
8.63597
8.61286
8.63914
8.61936
 
2048
34.4356
34.5116
34.5647
34.4799
34.5265
34.5427
34.5364
34.5832
34.5434
34.5147
 
