32
0.040416
0.026688
0.02416
0.024384
0.024384
0.023296
0.023328
0.023296
0.023168
0.023104
 
64
0.055168
0.040576
0.038272
0.037632
0.037632
0.037504
0.037056
0.037632
0.037376
0.037248
 
128
0.132512
0.131232
0.131168
0.131392
0.131232
0.13136
0.130976
0.131488
0.131392
0.1312
 
256
0.52656
0.523616
0.524192
0.524512
0.523744
0.523744
0.52368
0.524512
0.523968
0.524416
 
512
2.08579
2.08118
2.08272
2.0817
2.08307
2.08243
2.08323
2.08134
2.08234
2.08086
 
1024
8.32099
8.31901
8.31725
8.31619
8.31894
8.31738
8.31706
8.3185
8.31773
8.31571
 
2048
33.2636
33.2526
33.2546
33.2562
33.2584
33.2575
33.2565
33.2553
33.2567
33.2572
 
