32
0.024832
0.015456
0.013216
0.013184
0.013184
0.012768
0.012416
0.01264
0.012704
0.013216
 
64
0.035232
0.022176
0.02128
0.022592
0.021376
0.021568
0.02272
0.02272
0.022592
0.021408
 
128
0.072928
0.07184
0.072
0.071712
0.07232
0.071264
0.07168
0.072832
0.07168
0.071232
 
256
0.276064
0.27424
0.273664
0.273856
0.2736
0.274304
0.273632
0.273664
0.273376
0.27456
 
512
1.08138
1.07965
1.07866
1.08
1.07789
1.07738
1.07923
1.07958
1.0792
1.08022
 
1024
4.29773
4.29754
4.2952
4.3032
4.29987
4.29978
4.30717
4.29731
4.29616
4.30227
 
2048
17.2071
17.191
17.1887
17.1978
17.1992
17.2002
17.2017
17.2094
17.1966
17.2016
 
