32
0.02576
0.01536
0.012832
0.012032
0.012032
0.012224
0.01136
0.011392
0.01136
0.01136
 
64
0.02768
0.01504
0.01264
0.012928
0.01216
0.012288
0.012384
0.013088
0.012768
0.01296
 
128
0.036224
0.034976
0.034656
0.034272
0.034496
0.03456
0.03472
0.03472
0.034176
0.034272
 
256
0.130112
0.1288
0.128544
0.12816
0.129536
0.128416
0.127808
0.127936
0.128992
0.128128
 
512
0.499264
0.497696
0.498304
0.496736
0.49824
0.497696
0.49744
0.499904
0.499456
0.498368
 
1024
1.9736
1.98016
1.9753
1.97062
1.96774
1.96979
1.97123
1.9743
1.97005
1.9721
 
2048
7.87142
7.87171
7.89053
7.8825
7.87258
7.88224
7.87875
7.87334
7.88048
7.87651
 
