32
0.034336
0.019616
0.017984
0.018176
0.017312
0.017248
0.017152
0.017216
0.01744
0.017216
 
64
0.045184
0.032768
0.031136
0.030336
0.030688
0.030592
0.030944
0.032704
0.030368
0.030688
 
128
0.094752
0.094944
0.09504
0.095552
0.09392
0.095392
0.093824
0.094816
0.095008
0.094528
 
256
0.364032
0.361888
0.361952
0.3648
0.3616
0.361344
0.360928
0.360896
0.360064
0.363168
 
512
1.42586
1.42435
1.42576
1.42202
1.42323
1.42426
1.42742
1.42243
1.42611
1.42237
 
1024
5.69133
5.6959
5.69443
5.69309
5.67978
5.68374
5.68538
5.68954
5.68528
5.70147
 
2048
22.7292
22.7459
22.7155
22.7203
22.736
22.7742
22.7079
22.7365
22.745
22.7405
 
