32
0.027424
0.026752
0.027552
0.029792
0.031936
0.028928
0.027616
0.031488
0.028768
0.02704
 
64
0.040256
0.038144
0.04064
0.03536
0.034688
0.032096
0.033184
0.036256
0.040416
0.0384
 
128
0.065632
0.06496
0.064928
0.066272
0.069312
0.06672
0.065152
0.065248
0.064832
0.068352
 
256
0.247264
0.247168
0.244704
0.24704
0.247968
0.249088
0.243904
0.244864
0.248128
0.246944
 
512
0.965856
0.961184
0.962976
0.961184
0.961792
0.964928
0.962304
0.960896
0.96384
0.96288
 
1024
3.91808
3.91184
3.90746
3.91613
3.92406
3.90637
3.91891
3.91546
3.91302
3.91514
 
2048
15.2914
15.3027
15.3076
15.2887
15.2965
15.2983
15.3008
15.298
15.2899
15.2992
 
