32
0.032832
0.01984
0.019072
0.018848
0.01872
0.018656
0.01856
0.019136
0.018688
0.018464
 
64
0.049536
0.033568
0.030592
0.030272
0.030016
0.03008
0.030592
0.030048
0.03008
0.030112
 
128
0.098624
0.095488
0.095424
0.09552
0.095744
0.095456
0.095616
0.09536
0.09568
0.09584
 
256
0.375648
0.369504
0.369792
0.36944
0.369696
0.369344
0.373504
0.369472
0.373472
0.370464
 
512
1.46643
1.47261
1.46688
1.46835
1.46486
1.46925
1.46787
1.46582
1.46598
1.46582
 
1024
5.85629
5.85296
5.84739
5.86554
5.8551
5.86054
5.85258
5.86346
5.85776
5.85306
 
2048
23.4097
23.4115
23.4214
23.4285
23.4106
23.4094
23.4298
23.3928
23.3983
23.4161
 
