32
0.022496
0.011744
0.010048
0.009536
0.009568
0.008992
0.009728
0.009056
0.00944
0.00896
 
64
0.023264
0.008896
0.007424
0.006464
0.006496
0.00736
0.006496
0.006464
0.006464
0.006432
 
128
0.01856
0.016864
0.0168
0.016832
0.016736
0.016768
0.016608
0.016736
0.016768
0.0168
 
256
0.071168
0.069152
0.069184
0.069248
0.06896
0.069088
0.06928
0.069472
0.069248
0.069024
 
512
0.268224
0.265952
0.26544
0.264896
0.26544
0.265312
0.265248
0.265248
0.265088
0.26528
 
1024
1.05299
1.04992
1.04928
1.04947
1.04976
1.05002
1.05091
1.04963
1.0504
1.05104
 
2048
4.19366
4.18688
4.1879
4.18893
4.18861
4.1912
4.18819
4.18416
4.1871
4.1857
 
