32
0.029056
0.0192
0.016576
0.01616
0.016128
0.016096
0.016096
0.016576
0.016096
0.016064
 
64
0.0456
0.033728
0.031424
0.031136
0.031232
0.031072
0.03136
0.031168
0.03136
0.03136
 
128
0.111168
0.109696
0.109568
0.10928
0.111328
0.109824
0.109696
0.109632
0.109216
0.109824
 
256
0.426464
0.425024
0.424224
0.423328
0.423584
0.424224
0.424576
0.424032
0.424384
0.424672
 
512
1.68093
1.67936
1.68016
1.67882
1.67827
1.67834
1.67984
1.68035
1.67936
1.67862
 
1024
6.69917
6.69702
6.69955
6.696
6.70496
6.69747
6.69763
6.70374
6.69872
6.69331
 
2048
26.8057
26.7974
26.7815
26.7805
26.8128
26.7819
26.8212
26.801
26.7946
26.7831
 
