32
0.024672
0.013568
0.01104
0.010848
0.010848
0.011392
0.010752
0.01072
0.010688
0.01072
 
64
0.026592
0.013408
0.011136
0.011296
0.011168
0.011264
0.011264
0.011456
0.011136
0.01136
 
128
0.033344
0.03184
0.031904
0.03184
0.031904
0.032128
0.031936
0.031968
0.031936
0.031872
 
256
0.121984
0.119552
0.119712
0.11968
0.119936
0.119744
0.119776
0.119968
0.119552
0.119616
 
512
0.466496
0.464896
0.464448
0.464544
0.464608
0.464512
0.463904
0.464576
0.464512
0.46496
 
1024
1.85126
1.85046
1.85098
1.84771
1.84813
1.84893
1.8472
1.84976
1.84813
1.84893
 
2048
7.37526
7.37283
7.36832
7.36832
7.36758
7.36906
7.37331
7.36896
7.37078
7.36938
 
