32
0.025568
0.014624
0.012704
0.011872
0.0128
0.011968
0.01184
0.011968
0.011872
0.012544
 
64
0.031296
0.019872
0.016704
0.0168
0.016672
0.0168
0.016864
0.016832
0.01776
0.017664
 
128
0.055136
0.0536
0.053632
0.053824
0.053696
0.0536
0.0536
0.053536
0.053568
0.053696
 
256
0.205888
0.203136
0.203776
0.203104
0.203104
0.203936
0.203968
0.20288
0.20288
0.203936
 
512
0.796992
0.794912
0.794496
0.796448
0.797056
0.7952
0.79536
0.795328
0.795552
0.794816
 
1024
3.16934
3.1639
3.16976
3.16813
3.16243
3.16365
3.16966
3.16746
3.16554
3.16666
 
2048
12.6516
12.6463
12.644
12.6484
12.6433
12.6488
12.6427
12.6508
12.6496
12.6473
 
