32
0.025408
0.016096
0.013728
0.012736
0.01264
0.01296
0.012448
0.012448
0.012416
0.012384
 
64
0.042848
0.028288
0.026496
0.025696
0.025536
0.024768
0.025696
0.025664
0.025664
0.025664
 
128
0.092544
0.089536
0.089504
0.089536
0.089536
0.089472
0.089536
0.089504
0.089632
0.089504
 
256
0.382688
0.380992
0.381088
0.380352
0.380928
0.380608
0.380928
0.380448
0.380544
0.380672
 
512
1.51341
1.5111
1.51139
1.51152
1.5112
1.51139
1.51094
1.51117
1.51117
1.5113
 
1024
6.03555
6.03386
6.03363
6.03344
6.03386
6.03376
6.03414
6.0343
6.03427
6.03408
 
