32
0.032928
0.022496
0.0208
0.02
0.019584
0.019424
0.01952
0.019488
0.019424
0.019456
 
64
0.048192
0.036032
0.0344
0.035648
0.03392
0.034016
0.033952
0.033824
0.033888
0.033312
 
128
0.105184
0.103136
0.103392
0.103936
0.103968
0.1032
0.10464
0.10528
0.104256
0.104384
 
256
0.399776
0.399744
0.398368
0.39776
0.400288
0.398048
0.397952
0.397152
0.398144
0.39872
 
512
1.57661
1.57072
1.57107
1.57306
1.56944
1.56877
1.56819
1.56915
1.57434
1.57293
 
1024
6.25658
6.2792
6.27104
6.26032
6.26986
6.26854
6.26256
6.24826
6.27885
6.26893
 
2048
25.0879
25.052
25.0266
25.0785
25.0764
25.0843
25.066
25.0573
25.0942
24.9953
 
