32
0.025664
0.017248
0.014272
0.013536
0.014048
0.013344
0.013408
0.013312
0.013312
0.013312
 
64
0.031584
0.020608
0.017632
0.018048
0.017344
0.018464
0.017536
0.01744
0.018688
0.019008
 
128
0.059808
0.052352
0.051968
0.052064
0.051616
0.052448
0.051584
0.052448
0.05088
0.0528
 
256
0.196512
0.200224
0.197312
0.194624
0.19696
0.195904
0.19568
0.197984
0.196704
0.194464
 
512
0.772672
0.767904
0.767616
0.765728
0.773856
0.76576
0.766912
0.770848
0.769344
0.774528
 
1024
3.06387
3.05782
3.06134
3.05386
3.0617
3.0697
3.05773
3.068
3.06723
3.05728
 
2048
12.2068
12.2102
12.1981
12.1979
12.2324
12.2074
12.2235
12.2181
12.2095
12.2468
 
