32
0.030528
0.021696
0.018464
0.018048
0.019648
3.07757
0.019424
0.018144
0.017888
0.018272
 
64
0.0392
0.026624
0.026624
0.026784
0.026784
0.026816
0.026752
0.026944
0.026656
0.026752
 
128
0.098848
0.097344
0.09728
0.097536
0.097856
0.097536
0.0976
0.097504
0.09744
0.0976
 
256
0.391552
0.38848
0.388192
0.38912
0.388416
0.3888
0.38896
0.38848
0.38848
0.388384
 
512
1.5471
1.54163
1.54173
1.54314
1.54378
1.54285
1.54243
1.54291
1.54336
1.54237
 
1024
6.15814
6.16013
6.16019
6.16077
6.15958
6.15818
6.1576
6.15894
6.15891
6.15888
 
2048
24.6256
24.6178
24.6178
24.6157
24.6187
24.6225
24.6206
24.6195
24.6167
24.6263
 
