32
0.024352
0.013728
0.012064
0.011552
0.01184
0.011488
0.011264
0.01088
0.011648
0.011232
 
64
0.027392
0.014624
0.01264
0.012608
0.013312
0.01328
0.012576
0.01264
0.01248
0.01264
 
128
0.047552
0.037728
0.037824
0.037696
0.037696
0.03776
0.037856
0.037728
0.038624
0.03776
 
256
0.143392
0.140512
0.139904
0.140256
0.14096
0.140096
0.140096
0.140736
0.140512
0.140032
 
512
0.547328
0.545728
0.545792
0.545984
0.546144
0.546048
0.545632
0.545568
0.546176
0.546528
 
1024
2.1711
2.1687
2.16829
2.16723
2.16618
2.16826
2.16685
2.16659
2.16755
2.16717
 
2048
8.65974
8.65581
8.65414
8.65546
8.65491
8.65299
8.65466
8.65408
8.65616
8.65958
 
