32
0.033536
0.022976
0.020608
0.01968
0.019424
0.019232
0.01904
0.019744
0.019552
0.019264
 
64
0.045888
0.033792
0.032032
0.031488
0.031648
0.032
0.032032
0.031584
0.032224
0.03216
 
128
0.116672
0.114912
0.114208
0.1144
0.114528
0.11488
0.114464
0.115584
0.113568
0.1152
 
256
0.450048
0.446624
0.445984
0.445408
0.44656
0.447584
0.446816
0.44688
0.448448
0.447296
 
512
1.75552
1.75555
1.75686
1.75574
1.75501
1.75411
1.75498
1.75824
1.75782
1.75427
 
1024
6.99757
6.99283
6.98976
6.98957
6.99168
6.98813
6.99238
6.99418
6.99318
6.98784
 
2048
27.9326
27.931
27.9374
27.9428
27.9344
27.9383
27.9359
27.9397
27.9347
27.9341
 
