32
0.022272
0.011296
0.009504
0.008928
0.009344
0.008896
0.008704
0.008704
0.008736
0.008736
 
64
0.0232
0.009312
0.008384
0.008384
0.008064
0.008864
0.008768
0.008448
0.008384
0.008192
 
128
0.021024
0.019264
0.019328
0.018912
0.019104
0.019744
0.019584
0.019264
0.018656
0.019616
 
256
0.073952
0.071456
0.071424
0.071168
0.072096
0.0712
0.071648
0.07232
0.071008
0.0712
 
512
0.2744
0.271328
0.270656
0.270528
0.27104
0.271936
0.273824
0.271584
0.269984
0.271392
 
1024
1.07514
1.06749
1.06541
1.0697
1.07024
1.06538
1.06931
1.07142
1.06755
1.072
 
2048
4.26781
4.27165
4.26253
4.26333
4.26208
4.2688
4.2576
4.26128
4.2664
4.26333
 
