32
0.023104
0.012768
0.011136
0.010528
0.010272
0.010688
0.009696
0.0104
0.010272
0.010208
 
64
0.024832
0.011328
0.00944
0.00976
0.009504
0.009344
0.009792
0.009408
0.009504
0.009856
 
128
0.026912
0.025472
0.025376
0.025376
0.025344
0.025376
0.025312
0.025344
0.02512
0.025248
 
256
0.092928
0.091008
0.096192
0.09168
0.090528
0.09152
0.09072
0.091136
0.090976
0.0912
 
512
0.350752
0.348384
0.34848
0.34816
0.349024
0.348736
0.348512
0.348512
0.348736
0.347776
 
1024
1.38195
1.37914
1.37984
1.37888
1.38019
1.37971
1.38138
1.37888
1.38051
1.37968
 
2048
5.50461
5.50368
5.50451
5.5024
5.50397
5.50454
5.50448
5.50515
5.50326
5.50522
 
