32
0.025376
0.014944
0.012992
0.01264
0.012608
0.0128
0.012576
0.012384
0.012576
0.012576
 
64
0.041312
0.029024
0.027072
0.027104
0.027008
0.027104
0.027104
0.027072
0.027104
0.02704
 
128
0.099872
0.098592
0.098208
0.097824
0.09808
0.0984
0.098336
0.098336
0.098624
0.098368
 
256
0.397696
0.395648
0.395584
0.395264
0.39536
0.396128
0.394944
0.395552
0.395456
0.395168
 
512
1.57597
1.57046
1.57158
1.57594
1.5753
1.57293
1.57126
1.57162
1.57094
1.57331
 
1024
6.39642
6.3961
6.39562
6.39427
6.39443
6.39706
6.39389
6.39792
6.39667
6.39414
 
2048
26.74
26.7436
26.7457
26.73
26.7285
26.7311
26.7412
26.7418
26.7412
26.738
 
