32
0.024608
0.012128
0.010752
0.01008
0.010048
0.010432
0.010144
0.01008
0.009824
0.009824
 
64
0.024832
0.011168
0.008608
0.008544
0.008576
0.008608
0.00848
0.008576
0.008576
0.008576
 
128
0.025952
0.024416
0.02448
0.024448
0.024448
0.024416
0.024448
0.024416
0.024448
0.024448
 
256
0.1064
0.10432
0.103712
0.103232
0.104768
0.104384
0.103264
0.104448
0.103648
0.10416
 
512
0.400928
0.39968
0.39936
0.399712
0.4
0.39952
0.399808
0.400224
0.399072
0.398432
 
1024
1.58211
1.58147
1.58064
1.58102
1.58035
1.58112
1.57933
1.58141
1.58186
1.58102
 
