32
0.037952
0.025952
0.024288
0.02352
0.023072
0.0232
0.023616
0.023264
0.022912
0.023264
 
64
0.054816
0.042816
0.039968
0.040224
0.039968
0.040448
0.040032
0.04
0.04016
0.04016
 
128
0.142912
0.124576
0.124256
0.124224
0.124224
0.12448
0.124256
0.124
0.124416
0.123808
 
256
0.471904
0.470592
0.4704
0.468608
0.469408
0.4688
0.468832
0.472256
0.469792
0.467904
 
512
1.85437
1.85517
1.85546
1.85334
1.85562
1.85296
1.85536
1.85261
1.85254
1.85754
 
1024
7.38541
7.38432
7.38518
7.38666
7.38029
7.38134
7.38368
7.38608
7.38813
7.388
 
2048
29.4836
29.4811
29.4976
29.504
29.4991
29.4948
29.5004
29.4906
29.4914
29.4864
 
