32
0.02224
0.011264
0.00896
0.008704
0.008928
0.008928
0.008384
0.008224
0.008224
0.008384
 
64
0.022688
0.008992
0.007136
0.007136
0.007136
0.007104
0.007072
0.00736
0.007232
0.007072
 
128
0.018016
0.016416
0.016352
0.016384
0.016448
0.016384
0.01648
0.016448
0.016416
0.016416
 
256
0.058624
0.056256
0.056544
0.05648
0.056288
0.056832
0.056384
0.056608
0.056544
0.056288
 
512
0.213248
0.210144
0.210496
0.210784
0.211136
0.210048
0.21056
0.210592
0.210816
0.210464
 
1024
0.829216
0.82656
0.828096
0.825792
0.8272
0.827744
0.825888
0.827392
0.826496
0.826112
 
2048
3.29584
3.29011
3.29238
3.29226
3.29133
3.2896
3.29098
3.29277
3.292
3.29085
 
