32
0.038784
0.03712
0.039744
0.038976
0.040544
0.037312
0.036768
0.03488
0.035456
0.034976
 
64
0.054976
0.056896
0.05488
0.054656
0.056384
0.053536
0.05584
0.059584
0.05616
0.055232
 
128
0.136
0.136352
0.133408
0.13376
0.141024
0.135008
0.133056
0.134848
0.133056
0.132704
 
256
0.496864
0.499232
0.497632
0.498944
0.499808
0.499648
0.4976
0.496896
0.49824
0.499648
 
512
1.96093
1.9609
1.96429
1.96154
1.96019
1.95827
1.96182
1.96288
1.96282
1.9593
 
1024
7.80906
7.79923
7.81171
7.81962
7.8088
7.81571
7.80806
7.80838
7.81549
7.80058
 
2048
31.206
31.1889
31.1835
31.1889
31.1868
31.1796
31.1757
31.2006
31.1878
31.1877
 
