32
0.025152
0.014304
0.012096
0.011648
0.012064
0.011488
0.011616
0.011264
0.01152
0.012064
 
64
0.03152
0.018496
0.016992
0.016832
0.016832
0.01696
0.018976
0.0168
0.016864
0.016768
 
128
0.0544
0.052832
0.052512
0.053088
0.052864
0.052768
0.052608
0.0528
0.052576
0.052832
 
256
0.203776
0.201888
0.2016
0.203872
0.201664
0.20144
0.201376
0.20208
0.201792
0.201984
 
512
0.79472
0.790432
0.789952
0.789984
0.792256
0.792384
0.7912
0.792736
0.792256
0.790144
 
1024
3.15814
3.14797
3.15139
3.15798
3.15424
3.15661
3.1464
3.15904
3.15338
3.15891
 
2048
12.6132
12.5919
12.6043
12.594
12.6056
12.5995
12.6049
12.6001
12.6038
12.5699
 
