32
0.02352
0.011968
0.009728
0.00944
0.01984
0.009152
0.009792
0.009568
0.008704
0.009312
 
64
0.027136
0.011296
0.009248
0.008352
0.008352
0.00864
0.00832
0.008032
0.00816
0.008224
 
128
0.016672
0.0112
0.011232
0.011104
0.011104
0.011296
0.011104
0.011232
0.011104
0.011264
 
256
0.043136
0.039968
0.039808
0.040448
0.03968
0.039936
0.040384
0.039904
0.040256
0.039904
 
512
0.14736
0.145504
0.145696
0.146176
0.1464
0.14656
0.146144
0.14688
0.145088
0.145824
 
1024
0.572672
0.572768
0.572032
0.570464
0.57072
0.56864
0.571392
0.569952
0.570944
0.570656
 
2048
2.27322
2.26758
2.26362
2.26899
2.26378
2.26931
2.26749
2.26589
2.27248
2.26426
 
