32
0.021088
0.01008
0.007872
0.007552
0.007648
0.007392
0.007744
0.007392
0.00736
0.007488
 
64
0.019008
0.006144
0.005344
0.005344
0.005344
0.005376
0.0056
0.005344
0.005408
0.00528
 
128
0.011616
0.009824
0.009952
0.009824
0.010112
0.009632
0.009824
0.009824
0.01056
0.009888
 
256
0.03872
0.036864
0.035456
0.036224
0.03504
0.034368
0.036128
0.036992
0.033792
0.034752
 
512
0.131904
0.130272
0.131168
0.12656
0.123072
0.120896
0.128288
0.12816
0.127904
0.126784
 
1024
0.495168
0.490144
0.496416
0.496224
0.484224
0.497376
0.489344
0.498112
0.501632
0.486496
 
2048
1.97139
1.94333
1.95392
1.95155
1.96618
1.95562
1.96874
1.95094
1.97754
1.95792
 
