32
0.022624
0.010752
0.00944
0.008896
0.01584
0.0096
0.009344
0.00992
0.009856
0.009952
 
64
0.02864
0.016416
0.01664
0.016448
0.016352
0.016416
0.01632
0.01648
0.01648
0.016384
 
128
0.05728
0.053984
0.05408
0.054208
0.054016
0.054336
0.054688
0.05392
0.054016
0.05424
 
256
0.204832
0.202944
0.203584
0.203744
0.203104
0.203424
0.202944
0.20336
0.203776
0.203744
 
512
0.797056
0.794528
0.794848
0.794784
0.794432
0.794848
0.79408
0.794496
0.794624
0.795136
 
1024
3.16413
3.16349
3.16122
3.16134
3.1616
3.16006
3.16131
3.16125
3.16224
3.16096
 
2048
12.6299
12.6284
12.6257
12.6285
12.6261
12.6225
12.6273
12.627
12.6279
12.6256
 
