32
0.03872
0.028736
0.026272
0.025792
0.025632
0.025536
0.025824
0.025728
0.025696
0.025728
 
64
0.056896
0.045312
0.045344
0.04512
0.045728
0.045472
0.045376
0.045408
0.045152
0.045248
 
128
0.173952
0.172256
0.172448
0.171904
0.172128
0.172704
0.17232
0.172448
0.172128
0.172032
 
256
0.690752
0.689024
0.688416
0.689504
0.688544
0.689088
0.688512
0.688832
0.689056
0.688256
 
512
2.75027
2.74934
2.74832
2.75034
2.74611
2.75008
2.7505
2.74122
2.74899
2.75133
 
1024
10.9869
10.9861
10.9839
10.9828
10.97
10.9851
10.9884
10.9845
10.9792
10.9851
 
2048
43.9262
43.919
43.9177
43.9338
43.9261
43.9316
43.9287
43.9366
43.9331
43.9289
 
