32
0.024128
0.01344
0.011168
0.01088
0.010528
0.010976
0.010432
0.010304
0.010368
0.010432
 
64
0.025632
0.012256
0.009792
0.009792
0.009792
0.010656
0.00976
0.009824
0.009696
0.00976
 
128
0.030624
0.029184
0.029184
0.029216
0.029088
0.029408
0.028928
0.029216
0.029216
0.029152
 
256
0.125472
0.123744
0.123584
0.123424
0.12368
0.12368
0.12384
0.123552
0.122656
0.1232
 
512
0.47888
0.476576
0.476384
0.47616
0.476608
0.476768
0.475904
0.47648
0.475648
0.476416
 
1024
1.89126
1.89091
1.88938
1.88867
1.89027
1.88739
1.89056
1.88768
1.89229
1.88934
 
