32
0.022432
0.011104
0.00864
0.008448
0.008416
0.008416
0.009088
0.008416
0.008448
0.008416
 
64
0.020992
0.006816
0.005568
0.005344
0.005568
0.005312
0.005568
0.005472
0.005504
0.005376
 
128
0.012096
0.010208
0.010304
0.010208
0.010336
0.010208
0.010176
0.010272
0.010368
0.0104
 
256
0.036928
0.035424
0.034944
0.035104
0.035584
0.035456
0.035328
0.035488
0.035776
0.035296
 
512
0.128768
0.126336
0.126496
0.126752
0.12576
0.126848
0.125568
0.12672
0.12528
0.125568
 
1024
0.49232
0.489504
0.489408
0.489088
0.491168
0.490592
0.48912
0.490016
0.488064
0.487616
 
2048
1.95037
1.94438
1.93776
1.94477
1.94246
1.94506
1.94288
1.94138
1.94458
1.94867
 
