32
0.023904
0.013152
0.011328
0.010208
0.010144
0.010848
0.010112
0.010176
0.010272
0.010336
 
64
0.027456
0.015616
0.013664
0.01376
0.013632
0.013696
0.0136
0.013696
0.013728
0.013568
 
128
0.04512
0.043616
0.043712
0.043776
0.043776
0.04368
0.043424
0.043616
0.04368
0.04384
 
256
0.171648
0.169888
0.169504
0.169888
0.169824
0.169728
0.1696
0.16976
0.169856
0.169792
 
512
0.666336
0.664096
0.663168
0.664576
0.664864
0.66512
0.664512
0.66544
0.663968
0.664
 
1024
2.66794
2.66749
2.66685
2.66582
2.66563
2.6695
2.66758
2.66784
2.66678
2.66774
 
2048
10.7915
10.7866
10.7899
10.7897
10.7925
10.7892
10.7899
10.7868
10.7857
10.7871
 
