32
0.02912
0.017664
0.015392
0.015136
0.015072
0.015104
0.015136
0.015104
0.014752
0.014752
 
64
0.035168
0.021312
0.019072
0.019008
0.01904
0.01904
0.018976
0.019136
0.019072
0.019072
 
128
0.069312
0.06768
0.067776
0.067616
0.067648
0.067744
0.067744
0.067584
0.06784
0.06768
 
256
0.272416
0.270528
0.27024
0.270272
0.270208
0.270304
0.270592
0.270112
0.27008
0.270592
 
512
1.07722
1.07517
1.07549
1.07491
1.07453
1.07485
1.07478
1.0744
1.07501
1.0744
 
1024
4.29242
4.2904
4.29075
4.29059
4.28976
4.28973
4.29008
4.28976
4.29008
4.29053
 
2048
20.5396
20.5341
20.5312
20.5343
20.534
20.533
20.5337
20.533
20.5343
20.538
 
