32
0.032896
0.022336
0.019392
0.018624
0.018464
0.01856
0.019232
0.018464
0.018464
0.01856
 
64
0.066208
0.051744
0.049376
0.0496
0.049536
0.04928
0.049696
0.049792
0.049792
0.049536
 
128
0.184544
0.18112
0.180544
0.181696
0.182496
0.181824
0.18144
0.182272
0.18144
0.181312
 
256
0.841888
0.839808
0.840224
0.8392
0.840032
0.839776
0.839936
0.839904
0.839904
0.840032
 
512
3.35107
3.34918
3.35037
3.3497
3.35053
3.34976
3.35027
3.34947
3.34947
3.34906
 
1024
13.3989
13.3928
13.3979
13.3989
13.3908
13.3935
13.3914
13.3948
13.3912
13.3936
 
2048
53.4975
53.5186
53.4904
53.5035
53.4867
53.5212
53.4897
53.5053
53.4924
53.5
 
