32
0.034592
0.023104
0.021088
0.020512
0.02064
0.020416
0.020416
0.020416
0.020448
0.020448
 
64
0.069664
0.057152
0.055328
0.05536
0.05536
0.055264
0.055264
0.055328
0.055328
0.055488
 
128
0.212768
0.212064
0.21152
0.212224
0.211328
0.211392
0.211072
0.21216
0.21168
0.211648
 
256
0.864928
0.86304
0.863264
0.862208
0.863424
0.863008
0.863712
0.862368
0.86208
0.862496
 
512
3.45194
3.45002
3.4504
3.45142
3.45091
3.44957
3.44989
3.45088
3.4488
3.45018
 
1024
14.341
14.3399
14.3411
14.3374
14.3394
14.3423
14.3415
14.3397
14.3377
14.3392
 
2048
62.0715
62.0687
62.0615
62.064
62.0633
62.0667
62.0647
62.0667
62.0623
62.06
 
