32
0.028928
0.025792
0.026528
0.025632
0.027168
0.024544
0.027136
0.025088
0.026048
0.024864
 
64
0.036832
0.03648
0.035808
0.035168
0.035008
0.035136
0.03392
0.034976
0.039488
0.04608
 
128
0.083008
0.08368
0.083488
0.08832
0.08832
0.086016
0.083488
0.082976
0.084064
0.083488
 
256
0.328256
0.327968
0.328544
0.329504
0.329888
0.329536
0.32976
0.327584
0.328544
0.327808
 
512
1.29494
1.2959
1.29718
1.29894
1.29389
1.29472
1.29984
1.296
1.29917
1.29747
 
1024
5.1599
5.16925
5.16243
5.1609
5.16531
5.16048
5.16448
5.16717
5.16141
5.16557
 
2048
20.5833
20.5903
20.5903
20.5833
20.5886
20.5814
20.5826
20.6052
20.5827
20.5998
 
