32
0.020288
0.00896
0.006848
0.005952
0.005728
0.005952
0.006016
0.00592
0.005952
0.006048
 
64
0.021344
0.008096
0.00528
0.005152
0.005312
0.005248
0.005152
0.005152
0.00528
0.00528
 
128
0.015392
0.009472
0.009728
0.009696
0.009472
0.009632
0.009408
0.009696
0.00944
0.009248
 
256
0.035648
0.032672
0.033152
0.033312
0.03376
0.033184
0.032992
0.03296
0.03344
0.033088
 
512
0.119456
0.116928
0.117376
0.117632
0.115552
0.11696
0.115968
0.11776
0.11616
0.11984
 
1024
0.45584
0.453568
0.45152
0.455456
0.452928
0.45376
0.451712
0.45504
0.455168
0.454176
 
2048
1.8049
1.79965
1.79853
1.79869
1.79936
1.79837
1.7968
1.80314
1.81101
1.80342
 
