32
0.025984
0.014848
0.01312
0.013472
0.012832
0.012736
0.013888
0.012928
0.012832
0.013568
 
64
0.035616
0.022432
0.021088
0.02096
0.020768
0.02112
0.020992
0.020864
0.021024
0.021024
 
128
0.073824
0.07248
0.072352
0.072128
0.071968
0.072352
0.072224
0.07264
0.07232
0.072032
 
256
0.276288
0.273664
0.274048
0.274432
0.274752
0.273856
0.274752
0.274176
0.274336
0.274368
 
512
1.08096
1.0791
1.07952
1.0792
1.08003
1.07952
1.07942
1.0792
1.0785
1.0791
 
1024
4.30157
4.29846
4.29818
4.29798
4.29955
4.29891
4.29674
4.29891
4.29866
4.29802
 
2048
17.1752
17.1774
17.1745
17.174
17.1739
17.1783
17.1746
17.174
17.1753
17.1764
 
