32
0.028
0.014464
0.014048
0.014144
0.013984
0.013696
0.0136
0.013728
0.013536
0.014144
 
64
0.035456
0.021856
0.020448
0.019648
0.018848
0.018784
0.018816
0.018784
0.018912
0.019776
 
128
0.066368
0.0648
0.064672
0.064704
0.064768
0.064672
0.064768
0.064864
0.064768
0.0648
 
256
0.261664
0.259296
0.259328
0.259072
0.259584
0.259104
0.258944
0.259104
0.258944
0.259456
 
512
1.02077
1.01856
1.01786
1.01789
1.01853
1.01827
1.01808
1.01827
1.0183
1.01866
 
1024
4.05613
4.05555
4.05453
4.05395
4.05459
4.05731
4.0559
4.05536
4.05286
4.05408
 
