32
0.035744
0.034304
0.04144
0.03568
0.033984
0.034208
0.036
0.035424
0.034592
0.032672
 
64
0.070272
0.068288
0.069248
0.070592
0.068352
0.069568
0.069184
0.069376
0.072768
0.068992
 
128
0.215648
0.215744
0.215552
0.21632
0.215616
0.215904
0.216448
0.215712
0.216192
0.215584
 
256
0.968448
0.968032
0.968256
0.968416
0.967392
0.966464
0.968704
0.968768
0.968128
0.968352
 
512
3.85405
3.85773
3.8551
3.85402
3.85686
3.85555
3.85549
3.85638
3.85629
3.85581
 
1024
15.4204
15.416
15.4176
15.4268
15.4137
15.423
15.4284
15.4228
15.4176
15.4169
 
2048
61.6278
61.6085
61.6314
61.5939
61.5893
61.6349
61.6109
61.6096
61.6207
61.6505
 
