32
0.027616
0.01472
0.012288
0.01168
0.012
0.011456
0.011584
0.011136
0.01152
0.011328
 
64
0.028832
0.014912
0.013408
0.012352
0.013184
0.01232
0.01232
0.012416
0.012256
0.012384
 
128
0.03952
0.038048
0.038176
0.038272
0.038368
0.038272
0.038208
0.038304
0.038496
0.03824
 
256
0.142624
0.140768
0.140736
0.140736
0.140736
0.140384
0.1408
0.140672
0.140896
0.140448
 
512
0.548032
0.54576
0.545216
0.545856
0.54656
0.546368
0.544992
0.546112
0.545632
0.546368
 
1024
2.16848
2.16614
2.16627
2.1664
2.16563
2.16541
2.16618
2.16688
2.16592
2.16659
 
2048
8.64566
8.6441
8.64634
8.64784
8.64531
8.64624
8.64602
8.64442
8.64694
8.64602
 
