32
0.027776
0.01648
0.013856
0.01328
0.013152
0.012544
0.013568
0.013312
0.01296
0.013216
 
64
0.0408
0.022304
0.018848
0.018624
0.018944
0.019392
0.018688
0.018944
0.01888
0.019136
 
128
0.058016
0.056064
0.055264
0.056448
0.055776
0.05696
0.056192
0.05488
0.05568
0.056256
 
256
0.213248
0.214848
0.213696
0.212992
0.215328
0.214912
0.21328
0.21328
0.213376
0.214816
 
512
0.804064
0.796864
0.80032
0.799168
0.801152
0.807552
0.799808
0.798304
0.797728
0.801792
 
1024
3.26816
3.2679
3.26554
3.26006
3.26086
3.27366
3.26051
3.26406
3.26342
3.27171
 
2048
12.7463
12.7267
12.7199
12.7292
12.7335
12.7371
12.7176
12.7363
12.7281
12.7322
 
