32
0.027968
0.017376
0.01408
0.0136
0.014176
0.01392
0.013536
0.013536
0.013152
0.013216
 
64
0.030336
0.017088
0.014464
0.014464
0.014464
0.014432
0.01456
0.014784
0.014496
0.0144
 
128
0.058624
0.04928
0.048896
0.048832
0.048896
0.04912
0.049152
0.048832
0.048864
0.048928
 
256
0.197856
0.19536
0.195104
0.195168
0.19536
0.19504
0.195232
0.195552
0.196
0.195328
 
512
0.772224
0.76976
0.771104
0.769792
0.770464
0.770272
0.770944
0.76944
0.77104
0.770208
 
1024
3.07242
3.07142
3.07382
3.07136
3.07226
3.07174
3.07206
3.07178
3.07155
3.0711
 
2048
12.3011
12.3053
12.2948
12.2988
12.3001
12.3021
12.3035
12.3078
12.2984
12.2992
 
