32
0.020608
0.008384
0.00704
0.006752
0.00688
0.006976
0.006848
0.00688
0.006912
0.006976
 
64
0.020832
0.007232
0.00752
0.007232
0.007456
0.00736
0.007232
0.00752
0.007424
0.007296
 
128
0.020736
0.019328
0.019136
0.018752
0.019168
0.018944
0.019072
0.019296
0.01872
0.018912
 
256
0.07408
0.072448
0.072704
0.07216
0.072
0.072032
0.072096
0.072256
0.071584
0.071776
 
512
0.273888
0.2712
0.27136
0.270848
0.27168
0.271584
0.271136
0.27136
0.271488
0.271136
 
1024
1.06973
1.06864
1.06938
1.06877
1.0696
1.0687
1.06742
1.0705
1.06899
1.06803
 
2048
4.26336
4.26096
4.25702
4.25629
4.25891
4.25341
4.2601
4.25901
4.25818
4.25907
 
