32
0.025952
0.012896
0.011328
0.010752
0.010752
0.010816
0.01088
0.010656
0.010336
0.010208
 
64
0.0248
0.01088
0.008448
0.008192
0.007264
0.008288
0.00752
0.007392
0.00736
0.00816
 
128
0.018592
0.016832
0.016832
0.016928
0.016928
0.016992
0.016992
0.016928
0.01696
0.016896
 
256
0.062272
0.060352
0.06032
0.06032
0.06016
0.060416
0.060064
0.060288
0.059968
0.060448
 
512
0.228576
0.226528
0.226208
0.225472
0.226016
0.225984
0.226144
0.226656
0.226496
0.226592
 
1024
0.889088
0.889856
0.888352
0.888288
0.888384
0.888128
0.890816
0.888128
0.890528
0.887776
 
2048
3.54566
3.53805
3.54083
3.54115
3.54269
3.54339
3.54192
3.54019
3.54339
3.54173
 
