32
0.035456
0.024256
0.022464
0.022048
0.021856
0.021536
0.021664
0.021984
0.021312
0.0216
 
64
0.046336
0.032928
0.03024
0.029344
0.02944
0.029344
0.030208
0.029504
0.029312
0.029344
 
128
0.109792
0.108704
0.108608
0.108352
0.10832
0.108256
0.108608
0.108672
0.108448
0.108608
 
256
0.438336
0.436576
0.436512
0.436192
0.436192
0.436
0.436576
0.436544
0.437696
0.43664
 
512
1.73859
1.7367
1.73453
1.73571
1.73558
1.73658
1.73616
1.73501
1.73504
1.73459
 
1024
6.93302
6.93293
6.92851
6.9311
6.92925
6.92909
6.9288
6.92928
6.9321
6.93062
 
2048
27.7164
27.7095
27.7095
27.7113
27.713
27.7124
27.7092
27.711
27.7097
27.7082
 
