32
0.020192
0.009824
0.007616
0.00688
0.006816
0.00688
0.00704
0.006592
0.006816
0.006976
 
64
0.020384
0.008512
0.008448
0.007808
0.00848
0.007616
0.007936
0.00816
0.007648
0.008032
 
128
0.02016
0.01888
0.018816
0.019136
0.018976
0.018752
0.018976
0.018688
0.019264
0.018816
 
256
0.073472
0.072768
0.072256
0.071808
0.071328
0.071424
0.072064
0.071328
0.072544
0.071712
 
512
0.27456
0.271776
0.27488
0.270112
0.273696
0.269216
0.270944
0.270976
0.272032
0.272384
 
1024
1.1121
1.10752
1.10976
1.10522
1.1144
1.11085
1.11021
1.1088
1.10534
1.11533
 
2048
4.27411
4.2617
4.25722
4.26144
4.26797
4.26262
4.27526
4.26208
4.26138
4.26739
 
