32
0.03424
0.033344
0.031264
0.031168
0.032224
0.031904
0.032288
0.032416
0.031392
0.032128
 
64
0.04384
0.043776
0.043808
0.043264
0.043584
0.046688
0.046464
0.045184
0.04384
0.043424
 
128
0.116672
0.117088
0.115872
0.116384
0.116736
0.117888
0.12352
0.125792
0.121952
0.123232
 
256
0.450336
0.449536
0.44944
0.44944
0.450176
0.449504
0.449792
0.450016
0.44992
0.448864
 
512
1.75885
1.75616
1.75808
1.75875
1.75834
1.75715
1.75725
1.75843
1.75674
1.75722
 
1024
6.9921
6.99296
6.98851
6.98771
6.99789
6.99853
6.9929
6.99421
6.99504
6.99354
 
2048
27.937
27.9372
27.9365
27.9388
27.9473
27.9468
27.9384
27.9368
27.9324
27.9438
 
