32
0.027872
0.016064
0.01472
0.014208
0.014528
0.015328
0.0136
0.013728
0.01344
0.01328
 
64
0.02976
0.016384
0.013792
0.01376
0.013696
0.013696
0.013728
0.013568
0.013696
0.01376
 
128
0.047424
0.04592
0.045696
0.04592
0.045824
0.045984
0.045824
0.04576
0.045888
0.045824
 
256
0.187616
0.185376
0.185504
0.185632
0.185536
0.185344
0.185504
0.185152
0.185536
0.185824
 
512
0.731552
0.729792
0.729728
0.729152
0.729888
0.729408
0.728896
0.7296
0.72976
0.729344
 
1024
2.90986
2.90688
2.90714
2.90717
2.9065
2.90685
2.90579
2.90797
2.90666
2.90774
 
2048
11.62
11.6136
11.6159
11.6106
11.6139
11.6142
11.6117
11.614
11.6143
11.6148
 
