32
0.02288
0.0128
0.010752
0.009824
0.010016
0.010368
0.009888
0.009856
0.009792
0.009856
 
64
0.025408
0.013056
0.011072
0.010912
0.009504
0.010336
0.010336
0.009472
0.010336
0.009472
 
128
0.033792
0.025216
0.025152
0.025408
0.025184
0.02528
0.025152
0.025184
0.02512
0.025152
 
256
0.094432
0.093248
0.092576
0.093088
0.09248
0.092864
0.092416
0.092864
0.092896
0.092864
 
512
0.356704
0.353856
0.354688
0.354976
0.354208
0.354656
0.354464
0.35552
0.355168
0.353536
 
1024
1.40381
1.40378
1.40298
1.40112
1.39587
1.4041
1.40122
1.40179
1.40042
1.40282
 
2048
5.5959
5.59376
5.59027
5.59434
5.59472
5.60058
5.59411
5.59837
5.56861
5.59389
 
