32
0.024
0.013824
0.011744
0.011072
0.011104
0.011232
0.011008
0.010944
0.011168
0.010976
 
64
0.033376
0.020448
0.01776
0.017792
0.017824
0.017856
0.017824
0.017792
0.017792
0.017824
 
128
0.063296
0.061664
0.061696
0.061696
0.061664
0.061728
0.061696
0.061696
0.061664
0.061632
 
256
0.269728
0.267872
0.268032
0.267808
0.267776
0.26784
0.267744
0.267584
0.267584
0.267712
 
512
1.05686
1.05482
1.05462
1.05482
1.05456
1.05488
1.0551
1.05459
1.05504
1.05405
 
1024
4.20422
4.20288
4.20288
4.2025
4.20214
4.20234
4.20355
4.20288
4.2033
4.2015
 
