32
0.025024
0.014368
0.012192
0.011392
0.011808
0.0112
0.011136
0.011168
0.0112
0.011136
 
64
0.034304
0.022208
0.018944
0.01792
0.017952
0.018016
0.01792
0.01808
0.017952
0.017952
 
128
0.069216
0.062528
0.062176
0.062752
0.0624
0.062976
0.062752
0.062688
0.062592
0.062784
 
256
0.255872
0.25296
0.253248
0.254272
0.253248
0.25328
0.253696
0.253376
0.25392
0.253152
 
512
1.01155
1.00717
1.01059
1.00662
1.00874
1.00906
1.00742
1.0112
1.01392
1.00915
 
1024
4.15642
4.14883
4.1503
4.14858
4.14906
4.14698
4.14698
4.14986
4.14528
4.14784
 
2048
17.7273
17.7155
17.716
17.7077
17.7215
17.714
17.7243
17.7224
17.7277
17.7223
 
