32
0.032256
0.021984
0.019712
0.019392
0.0192
0.0192
0.019104
0.0192
0.019264
0.019168
 
64
0.04352
0.029952
0.026912
0.026944
0.026848
0.026944
0.02688
0.02688
0.02688
0.02688
 
128
0.087488
0.08592
0.086112
0.086944
0.086208
0.08608
0.08608
0.086016
0.085696
0.086176
 
256
0.345152
0.342912
0.343104
0.342528
0.34208
0.343072
0.34176
0.342688
0.343168
0.34256
 
512
1.36483
1.36211
1.36378
1.36378
1.36432
1.36358
1.36218
1.36346
1.36269
1.36262
 
1024
5.4455
5.44243
5.44048
5.44173
5.44192
5.44061
5.44282
5.44464
5.44102
5.44323
 
2048
21.7692
21.7559
21.7549
21.761
21.7555
21.754
21.7538
21.7562
21.7604
21.7518
 
