32
0.031232
0.02048
0.018784
0.01904
0.018176
0.018208
0.018464
0.01808
0.018272
0.01872
 
64
0.03872
0.024832
0.02304
0.022816
0.026016
0.022944
0.022976
0.02304
0.022976
0.022848
 
128
0.083808
0.082272
0.082528
0.082336
0.082496
0.082304
0.082368
0.082336
0.082304
0.082368
 
256
0.334112
0.332064
0.331552
0.331936
0.331744
0.332
0.331872
0.332192
0.331584
0.331168
 
512
1.31773
1.31472
1.31379
1.31507
1.31638
1.31312
1.31459
1.3151
1.31466
1.31616
 
1024
5.25174
5.2448
5.24637
5.248
5.24685
5.24848
5.24704
5.24723
5.24426
5.24566
 
2048
20.9716
20.9712
20.9707
20.981
20.9767
20.9716
20.9695
20.9706
20.9703
20.9685
 
