32
0.021888
0.010976
0.00944
0.008544
0.008544
0.008896
0.00896
0.008864
0.008736
0.008608
 
64
0.024256
0.012096
0.011168
0.011008
0.011168
0.011104
0.011328
0.011136
0.011168
0.01104
 
128
0.036
0.034432
0.034528
0.034368
0.034464
0.034624
0.034624
0.034432
0.034496
0.034432
 
256
0.144064
0.141696
0.141792
0.141856
0.142272
0.14176
0.142048
0.142016
0.141952
0.142144
 
512
0.553696
0.551424
0.551552
0.551296
0.552
0.551424
0.551552
0.552352
0.551008
0.551488
 
1024
2.1913
2.19011
2.18947
2.18819
2.18845
2.18928
2.18858
2.18976
2.1889
2.18915
 
