32
0.025408
0.013184
0.0096
0.009376
0.00928
0.009408
0.00928
0.009312
0.00928
0.009344
 
64
0.02256
0.009344
0.007488
0.007488
0.007616
0.007456
0.00752
0.007584
0.007776
0.00752
 
128
0.019296
0.017504
0.017728
0.017824
0.018368
0.017504
0.017632
0.017952
0.017568
0.01744
 
256
0.065408
0.064
0.063136
0.062656
0.06288
0.062624
0.063072
0.063136
0.062784
0.0624
 
512
0.236928
0.236288
0.235712
0.236384
0.235296
0.234048
0.235488
0.234592
0.235776
0.236352
 
1024
0.931744
0.927936
0.927648
0.923904
0.930336
0.926176
0.927936
0.923808
0.926304
0.926528
 
2048
3.69082
3.68282
3.68982
3.68669
3.69258
3.68627
3.68925
3.69219
3.68022
3.6896
 
