32
0.029504
0.019648
0.016736
0.016736
0.016704
0.01568
0.015712
0.015648
0.015552
0.015936
 
64
0.039872
0.025408
0.022464
0.022752
0.022496
0.021856
0.029184
0.021664
0.021664
0.022112
 
128
0.076608
0.069856
0.06976
0.070208
0.06992
0.069824
0.069792
0.069984
0.069792
0.069952
 
256
0.281024
0.279392
0.279072
0.278944
0.278784
0.278656
0.278688
0.278592
0.278624
0.279008
 
512
1.10506
1.10291
1.10326
1.10304
1.10317
1.10406
1.10381
1.10339
1.10403
1.10394
 
1024
4.40304
4.4025
4.40246
4.40118
4.40141
4.40198
4.40173
4.40182
4.4039
4.4017
 
2048
17.598
17.5907
17.5898
17.5895
17.5899
17.5911
17.5819
17.5904
17.5919
17.5903
 
