32
0.041248
0.044448
0.041792
0.042912
0.042176
0.04128
0.040896
0.042176
0.040416
0.040736
 
64
0.06752
0.066656
0.070784
0.07232
0.07296
0.077408
0.057056
0.07472
0.070368
0.068288
 
128
0.209632
0.173088
0.173216
0.174784
0.17424
0.173856
0.174816
0.174112
0.178464
0.175008
 
256
0.657504
0.66064
0.657408
0.65456
0.661344
0.661696
0.661056
0.658528
0.66128
0.655552
 
512
2.61312
2.62061
2.6175
2.60995
2.61686
2.61466
2.61136
2.61587
2.61469
2.60733
 
1024
10.3884
10.4223
10.3965
10.4151
10.3729
10.4185
10.4286
10.4171
10.3768
10.4286
 
2048
41.5883
41.3508
41.487
41.6556
41.48
41.4928
41.5947
41.5824
41.5309
41.6076
 
