32
0.025568
0.013408
0.011968
0.011616
0.011456
0.011744
0.011168
0.011424
0.011392
0.011584
 
64
0.030784
0.01584
0.014208
0.014048
0.014112
0.014912
0.014144
0.01328
0.015136
0.013248
 
128
0.044992
0.04336
0.043392
0.04336
0.04336
0.043424
0.043328
0.043296
0.043264
0.04336
 
256
0.19712
0.195008
0.194944
0.19504
0.195392
0.195264
0.19504
0.19568
0.194976
0.194752
 
512
0.767648
0.765952
0.76528
0.765632
0.765344
0.764896
0.76592
0.764704
0.766144
0.766144
 
1024
3.04979
3.04586
3.04832
3.04502
3.04566
3.04698
3.04678
3.0465
3.04992
3.04566
 
