32
0.039936
0.03056
0.028032
0.026624
0.026624
0.026432
0.026432
0.027136
0.026528
0.026528
 
64
0.056704
0.044032
0.042048
0.04288
0.041952
0.041984
0.041984
0.041984
0.042016
0.041792
 
128
0.160192
0.158688
0.158816
0.158752
0.158304
0.158976
0.159008
0.158656
0.159072
0.158752
 
256
0.635936
0.633344
0.63312
0.633312
0.633696
0.634144
0.634752
0.633696
0.633312
0.63376
 
512
2.5239
2.52733
2.52442
2.5271
2.53133
2.52298
2.52362
2.52352
2.52477
2.52269
 
1024
10.079
10.0715
10.0884
10.0821
10.0818
10.0816
10.0794
10.0793
10.0797
10.0849
 
2048
40.3105
40.3181
40.3231
40.3184
40.3131
40.3051
40.313
40.3285
40.3067
40.3165
 
