32
0.035264
0.022912
0.020704
0.02064
0.020928
0.020224
0.02016
0.019776
0.020704
0.020896
 
64
0.043136
0.030432
0.0288
0.028768
0.028832
0.028672
0.028672
0.028736
0.028672
0.028704
 
128
0.11072
0.106624
0.106528
0.106464
0.1064
0.106368
0.106496
0.106112
0.106048
0.106176
 
256
0.425376
0.423584
0.42384
0.423232
0.42384
0.424352
0.423776
0.423456
0.424384
0.423904
 
512
1.68838
1.6873
1.68659
1.68778
1.68528
1.68736
1.68624
1.68838
1.68787
1.68803
 
1024
6.74198
6.73923
6.73926
6.74176
6.74205
6.73859
6.73891
6.74275
6.74128
6.7415
 
2048
26.9656
26.9462
26.9504
26.9422
26.9471
26.9563
26.9491
26.9438
26.9447
26.9518
 
