32
0.021248
0.0096
0.008128
0.00752
0.007232
0.007168
0.007808
0.0072
0.007072
0.007136
 
64
0.01824
0.00544
0.005472
0.005472
0.005536
0.005472
0.005472
0.005472
0.00544
0.005472
 
128
0.0152
0.013376
0.01344
0.013408
0.013504
0.01344
0.01344
0.013408
0.01344
0.01344
 
256
0.056928
0.055136
0.054816
0.055168
0.055392
0.054784
0.054816
0.054912
0.055104
0.054976
 
512
0.213824
0.212128
0.211648
0.212064
0.21312
0.212672
0.212704
0.212256
0.211264
0.21264
 
1024
0.831424
0.831488
0.829504
0.831552
0.831808
0.828512
0.830464
0.831552
0.830464
0.829248
 
2048
3.34672
3.34163
3.34349
3.34499
3.34218
3.34285
3.34339
3.34285
3.34218
3.34509
 
