32
0.030848
0.019904
0.017824
0.017312
0.017312
0.01728
0.01824
0.01728
0.01728
0.017152
 
64
0.04832
0.035584
0.033376
0.033728
0.033536
0.033632
0.038368
0.033504
0.033504
0.033536
 
128
0.117248
0.115424
0.115424
0.115712
0.115808
0.115712
0.115904
0.115264
0.115776
0.115584
 
256
0.450272
0.448768
0.448576
0.448992
0.448096
0.448064
0.452896
0.449344
0.448768
0.448384
 
512
1.78576
1.7824
1.78515
1.78157
1.7831
1.78109
1.7809
1.78438
1.78125
1.78486
 
1024
7.1225
7.11866
7.12819
7.1161
7.11258
7.11312
7.1161
7.12054
7.10902
7.11286
 
2048
28.4581
28.4671
28.4527
28.4512
28.4623
28.4463
28.4559
28.461
28.4813
28.4443
 
