32
0.032448
0.030848
0.030944
0.030496
0.030016
0.03232
0.03088
0.030592
0.031488
0.031008
 
64
0.041056
0.03984
0.04064
0.040032
0.04672
0.043008
0.041632
0.046112
0.045952
0.042816
 
128
0.106912
0.10704
0.111936
0.108928
0.113952
0.118144
0.108512
0.109024
0.107328
0.107968
 
256
0.423712
0.424256
0.423648
0.423808
0.424384
0.42352
0.423552
0.424224
0.423872
0.423296
 
512
1.67722
1.6784
1.67712
1.67824
1.67725
1.67978
1.67696
1.6791
1.67734
1.67808
 
1024
6.69686
6.69062
6.69328
6.69395
6.69248
6.69174
6.69318
6.69197
6.69491
6.69242
 
2048
26.7548
26.7584
26.7595
26.7582
26.7594
26.7535
26.7518
26.7536
26.7563
26.759
 
