32
0.021408
0.009984
0.008384
0.007648
0.007968
0.00768
0.00784
0.007584
0.007776
0.007648
 
64
0.01952
0.007296
0.0056
0.005728
0.005696
0.005696
0.005728
0.005728
0.005696
0.005728
 
128
0.015552
0.01376
0.013888
0.013792
0.013792
0.013824
0.013856
0.013824
0.013792
0.013728
 
256
0.05696
0.05456
0.0552
0.05488
0.054656
0.054592
0.05504
0.054976
0.054848
0.054944
 
512
0.210656
0.20816
0.207968
0.208352
0.208416
0.20784
0.21472
0.207616
0.208224
0.207872
 
1024
0.824992
0.82032
0.821184
0.820288
0.82128
0.820512
0.82
0.821152
0.820256
0.820768
 
2048
3.27792
3.27411
3.26998
3.27206
3.27075
3.2712
3.26995
3.2695
3.26931
3.26986
 
