32
0.024096
0.011648
0.010176
0.009312
0.009632
0.009536
0.009536
0.009504
0.009344
0.009376
 
64
0.025312
0.011264
0.008672
0.00848
0.008736
0.008736
0.00784
0.008576
0.008512
0.008544
 
128
0.021472
0.018432
0.018176
0.018208
0.01824
0.018208
0.0184
0.01824
0.018304
0.018304
 
256
0.08144
0.079616
0.079712
0.079584
0.079488
0.079616
0.079392
0.079392
0.08
0.079648
 
512
0.30896
0.30592
0.30656
0.306944
0.306816
0.30672
0.306592
0.306656
0.306848
0.306816
 
1024
1.24029
1.23594
1.23549
1.2367
1.23594
1.23674
1.23677
1.23674
1.23536
1.23555
 
2048
4.83107
4.82573
4.82454
4.82566
4.82659
4.82531
4.82755
4.8264
4.82621
4.82675
 
