32
0.029568
0.017536
0.016224
0.016128
0.016192
0.01568
0.016
0.016
0.016096
0.015936
 
64
0.03728
0.025408
0.025408
0.025632
0.02544
0.025376
0.02528
0.025472
0.025472
0.025504
 
128
0.09584
0.093472
0.093472
0.093312
0.093472
0.093376
0.09344
0.093344
0.093024
0.093248
 
256
0.374368
0.371968
0.373056
0.373056
0.372992
0.371968
0.372192
0.37264
0.372736
0.372832
 
512
1.48531
1.48269
1.48285
1.48227
1.48378
1.48138
1.48355
1.4833
1.48298
1.48256
 
1024
5.92499
5.92253
5.9224
5.92016
5.92218
5.92026
5.9223
5.92202
5.91933
5.92125
 
2048
23.6761
23.6756
23.6717
23.6774
23.6691
23.6706
23.6716
23.6761
23.6683
23.6686
 
