32
0.022368
0.011296
0.009088
0.008448
0.008416
0.008448
0.009376
0.008384
0.008416
0.008416
 
64
0.023104
0.008384
0.006816
0.006848
0.006848
0.006688
0.006784
0.006784
0.006816
0.006816
 
128
0.019296
0.017408
0.017472
0.017472
0.017472
0.01744
0.017568
0.01744
0.01744
0.017472
 
256
0.07888
0.07664
0.076544
0.076448
0.076672
0.0768
0.077088
0.0768
0.076832
0.076928
 
512
0.294912
0.292288
0.2928
0.29264
0.292512
0.293024
0.293824
0.292768
0.292288
0.29296
 
1024
1.15987
1.15824
1.15587
1.15824
1.15392
1.15728
1.15536
1.15917
1.1569
1.1561
 
