32
0.027168
0.016
0.014048
0.013568
0.013472
0.01328
0.01328
0.01328
0.012512
0.013312
 
64
0.044192
0.02944
0.026944
0.026176
0.026624
0.025888
0.025952
0.026208
0.025984
0.026528
 
128
0.08928
0.08624
0.08624
0.086208
0.086208
0.086304
0.086368
0.086272
0.086176
0.086304
 
256
0.367456
0.365536
0.365728
0.365504
0.365504
0.365504
0.365536
0.365664
0.365312
0.365856
 
512
1.44701
1.44531
1.44534
1.44547
1.44525
1.44454
1.4449
1.44509
1.4449
1.44422
 
1024
5.7655
5.76339
5.76099
5.76234
5.76374
5.76147
5.7632
5.76346
5.76282
5.76208
 
