32
0.04608
0.03536
0.033632
0.033088
0.033536
0.033504
0.033344
0.03264
0.033312
0.033056
 
64
0.06976
0.056896
0.054144
0.053984
0.053888
0.054112
0.054272
0.054048
0.054048
0.054272
 
128
0.20896
0.207808
0.207488
0.208512
0.208064
0.207936
0.207232
0.208032
0.20848
0.207936
 
256
0.831616
0.829696
0.831008
0.831232
0.829408
0.83024
0.830016
0.83168
0.831232
0.8288
 
512
3.3159
3.31318
3.31523
3.31402
3.31187
3.31283
3.31469
3.31347
3.31462
3.31293
 
1024
13.244
13.2448
13.2481
13.2399
13.2457
13.243
13.2435
13.244
13.2435
13.2401
 
2048
52.9543
52.9594
52.9595
52.9571
52.958
52.9535
52.9508
52.9602
52.9551
52.955
 
