32
0.034048
0.020352
0.017664
0.019072
0.018208
0.018592
0.018496
0.017536
0.017376
0.018112
 
64
0.056
0.039968
0.039968
0.04064
0.039296
0.040128
0.040224
0.0416
0.040224
0.040128
 
128
0.145888
0.145664
0.14608
0.1464
0.147648
0.141632
0.146784
0.146688
0.140256
0.145984
 
256
0.601408
0.592416
0.586272
0.59136
0.61168
0.600576
0.598624
0.596704
0.585152
0.601728
 
512
2.3257
2.35248
2.35146
2.33155
2.31926
2.36842
2.32118
2.35418
2.3408
2.33322
 
1024
9.60592
9.56224
9.5703
9.58109
9.59578
9.55821
9.54717
9.56947
9.58442
9.48355
 
2048
37.7298
37.837
37.8018
37.744
37.8087
37.779
37.8602
37.7408
37.7469
37.7877
 
