32
0.024096
0.013888
0.011168
0.010912
0.010944
0.011008
0.010976
0.010656
0.010656
0.010752
 
64
0.027424
0.01392
0.011936
0.01312
0.012384
0.012512
0.011584
0.012704
0.012384
0.0128
 
128
0.041728
0.034048
0.035104
0.033984
0.033952
0.0336
0.033952
0.03408
0.034304
0.034368
 
256
0.129664
0.12816
0.129056
0.129504
0.12992
0.129344
0.128928
0.129152
0.12752
0.129664
 
512
0.503136
0.4984
0.49952
0.49808
0.50096
0.498848
0.499296
0.497696
0.502176
0.504992
 
1024
2.03674
2.03875
2.03325
2.0385
2.03504
2.03818
2.03376
2.0313
2.02925
2.03578
 
2048
7.92074
7.92538
7.91046
7.91232
7.92723
7.9249
7.91699
7.90582
7.91715
7.92246
 
