32
0.023808
0.013792
0.011584
0.011584
0.011584
0.011456
0.010912
0.011136
0.011072
0.011104
 
64
0.02704
0.013888
0.012128
0.011136
0.011232
0.012352
0.011648
0.01168
0.011424
0.012064
 
128
0.031552
0.031328
0.03088
0.03104
0.03152
0.03152
0.030272
0.030944
0.030176
0.03072
 
256
0.117472
0.116096
0.11456
0.114944
0.115392
0.116192
0.116064
0.116352
0.116352
0.114624
 
512
0.445984
0.441824
0.441984
0.443232
0.442272
0.442976
0.444
0.439488
0.441184
0.443712
 
1024
1.7504
1.75702
1.75328
1.74896
1.75139
1.75286
1.75722
1.75616
1.75312
1.75475
 
2048
7.00214
6.99571
7.00077
6.99731
6.9929
6.99482
6.99286
7.00035
6.99184
6.99501
 
