32
0.030016
0.019616
0.017664
0.018048
0.016992
0.01696
0.017024
0.01696
0.017696
0.0168
 
64
0.045152
0.028224
0.025952
0.02576
0.025888
0.025504
0.025824
0.025664
0.025824
0.0256
 
128
0.095552
0.090592
0.089728
0.091168
0.091168
0.090176
0.089696
0.091072
0.09024
0.090048
 
256
0.352608
0.34976
0.350016
0.350048
0.348704
0.350464
0.35024
0.35008
0.351232
0.348992
 
512
1.37494
1.37242
1.37309
1.37363
1.37267
1.37398
1.37424
1.37309
1.3736
1.37488
 
1024
5.46944
5.47286
5.47312
5.46922
5.46755
5.47184
5.46829
5.46774
5.47069
5.46938
 
2048
21.8501
21.8349
21.8432
21.8416
21.8504
21.8314
21.8396
21.8539
21.8434
21.8444
 
