32
0.026208
0.014208
0.01248
0.012448
0.011744
0.011712
0.01184
0.011776
0.011744
0.01232
 
64
0.037856
0.025536
0.02384
0.023776
0.023936
0.023872
0.02384
0.023744
0.02384
0.023968
 
128
0.086016
0.084608
0.084448
0.084512
0.084672
0.084416
0.084448
0.084608
0.08432
0.084384
 
256
0.338432
0.336
0.337024
0.336736
0.336384
0.336416
0.335808
0.336448
0.33616
0.33712
 
512
1.32739
1.32483
1.32589
1.32464
1.32448
1.32525
1.32528
1.3257
1.32531
1.32522
 
1024
5.27994
5.27843
5.27994
5.27853
5.27869
5.28019
5.27811
5.28298
5.27776
5.2793
 
