32
0.02192
0.010496
0.00832
0.007904
0.008
0.008256
0.008128
0.007776
0.007872
0.007872
 
64
0.020576
0.007136
0.005216
0.005312
0.00528
0.005152
0.00528
0.005216
0.00528
0.005248
 
128
0.012224
0.010432
0.010528
0.010304
0.010432
0.010368
0.010432
0.010272
0.010432
0.010432
 
256
0.042016
0.039968
0.04
0.04032
0.040064
0.040224
0.040256
0.040192
0.039936
0.040032
 
512
0.149504
0.146816
0.146464
0.147328
0.146944
0.14624
0.147104
0.14672
0.146624
0.147168
 
1024
0.576352
0.573344
0.571584
0.5728
0.57424
0.57184
0.571552
0.573984
0.572832
0.572288
 
2048
2.28182
2.27536
2.27613
2.27712
2.27789
2.27824
2.27584
2.2776
2.27629
2.27661
 
