32
0.03168
0.021408
0.018112
0.017856
0.017824
0.018048
0.017696
0.017824
0.017792
0.017888
 
64
0.03904
0.026144
0.024096
0.024352
0.024192
0.02416
0.024672
0.024512
0.024192
0.024224
 
128
0.089856
0.08784
0.087808
0.087776
0.087712
0.087712
0.087808
0.088192
0.087744
0.087712
 
256
0.352064
0.350688
0.350624
0.350976
0.350464
0.349984
0.350304
0.35024
0.3504
0.350304
 
512
1.39328
1.39174
1.39187
1.3913
1.39178
1.39165
1.39261
1.39248
1.39354
1.39008
 
1024
5.56016
5.55731
5.55914
5.56096
5.56138
5.55837
5.55853
5.56016
5.5609
5.55872
 
2048
22.2228
22.2201
22.2234
22.2213
22.2232
22.2146
22.2129
22.2072
22.2188
22.2183
 
