32
0.021696
0.01088
0.008864
0.00848
0.008128
0.008448
0.007936
0.00816
0.008192
0.008192
 
64
0.021728
0.00864
0.00704
0.00704
0.00704
0.006976
0.00688
0.00704
0.006944
0.007008
 
128
0.018688
0.017024
0.017152
0.01712
0.017216
0.017088
0.01712
0.016992
0.01712
0.017024
 
256
0.06448
0.062464
0.061536
0.062304
0.0632
0.062368
0.061824
0.06192
0.062304
0.062176
 
512
0.2328
0.230976
0.230112
0.229472
0.231328
0.230656
0.230464
0.23152
0.23024
0.230592
 
1024
0.905408
0.905216
0.905312
0.9088
0.904448
0.90656
0.907584
0.908352
0.909248
0.90368
 
2048
3.60954
3.60243
3.60902
3.60474
3.6009
3.60614
3.60442
3.60349
3.60813
3.60534
 
