32
0.030336
0.028
0.029504
0.027648
0.030208
0.028928
0.03072
0.029024
0.030752
0.033728
 
64
0.056
0.061312
0.052288
0.055168
0.058816
0.056448
0.053184
0.057632
0.057152
0.056544
 
128
0.154336
0.153856
0.150816
0.154336
0.151136
0.148192
0.14208
0.154912
0.150208
0.151456
 
256
0.612768
0.607264
0.587712
0.589408
0.603936
0.615008
0.598464
0.593024
0.60048
0.589472
 
512
2.38778
2.33523
2.36867
2.37667
2.32794
2.40128
2.3825
2.3376
2.35274
2.35987
 
1024
9.60637
9.55104
9.55024
9.63222
9.52323
9.6097
9.5887
9.59504
9.57302
9.5783
 
2048
37.6362
37.7884
37.9121
37.6029
37.8044
37.8084
37.7954
37.8736
37.7805
37.7891
 
