32
0.023008
0.025504
0.008992
0.008928
0.008832
0.00896
0.009056
0.009056
0.008864
0.008864
 
64
0.023296
0.011232
0.011168
0.010752
0.010784
0.010944
0.011104
0.010912
0.011264
0.011136
 
128
0.033888
0.03152
0.032224
0.031776
0.032384
0.03168
0.03184
0.032192
0.032864
0.031872
 
256
0.122976
0.121536
0.120992
0.122112
0.12144
0.121696
0.121568
0.121536
0.122528
0.120416
 
512
0.469504
0.466976
0.467392
0.467776
0.467488
0.466688
0.465856
0.469088
0.466912
0.46592
 
1024
1.8529
1.84947
1.84982
1.8471
1.85251
1.85181
1.8481
1.84832
1.85075
1.85046
 
2048
7.38051
7.38288
7.37962
7.38509
7.37549
7.3817
7.38147
7.38202
7.38224
7.38042
 
