32
0.032416
0.0168
0.016832
0.0168
0.016064
0.015904
0.016032
0.015776
0.016064
0.016544
 
64
0.039552
0.02496
0.023232
0.023136
0.021408
0.021376
0.022528
0.021504
0.021536
0.021504
 
128
0.072096
0.07056
0.07008
0.070368
0.070432
0.070176
0.070144
0.070432
0.070496
0.070528
 
256
0.274016
0.271104
0.271296
0.274208
0.274272
0.271424
0.27344
0.27392
0.274464
0.270848
 
512
1.07354
1.07024
1.072
1.0727
1.07245
1.06944
1.07424
1.07331
1.07501
1.07254
 
1024
4.2864
4.25664
4.27366
4.27046
4.27386
4.26035
4.2767
4.25933
4.27171
4.27181
 
2048
17.0383
17.0902
17.0816
17.0955
17.062
17.085
17.0783
17.0839
17.0858
17.0896
 
