32
0.024672
0.015616
0.012128
0.011904
0.012224
0.012
0.011776
0.011904
0.012224
0.011904
 
64
0.027072
0.01504
0.014016
0.014048
0.01392
0.014048
0.014048
0.01392
0.014048
0.01392
 
128
0.047648
0.046336
0.046272
0.0464
0.046336
0.046208
0.046304
0.046272
0.046368
0.046464
 
256
0.186688
0.184672
0.18432
0.184608
0.184576
0.184448
0.18448
0.184704
0.18448
0.184384
 
512
0.72928
0.725856
0.727104
0.726016
0.726304
0.725792
0.72608
0.726912
0.72672
0.726048
 
1024
2.89446
2.89171
2.89149
2.89485
2.8943
2.89226
2.89146
2.89424
2.89235
2.89091
 
2048
11.5644
11.558
11.5573
11.559
11.5608
11.5602
11.5592
11.5559
11.5592
11.7053
 
