32
0.023232
0.013184
0.010336
0.009568
0.009344
0.010176
0.009728
0.0096
0.009504
0.009216
 
64
0.028736
0.016608
0.014944
0.015008
0.01504
0.014784
0.01488
0.015136
0.015072
0.01488
 
128
0.054112
0.04992
0.049728
0.04976
0.050368
0.049952
0.05008
0.049952
0.049664
0.050144
 
256
0.206656
0.205024
0.204256
0.205664
0.205568
0.204352
0.205248
0.204768
0.203392
0.204352
 
512
0.79888
0.797696
0.800992
0.797536
0.801152
0.797344
0.796448
0.796512
0.795296
0.797856
 
1024
3.16851
3.16566
3.16362
3.16202
3.1648
3.16947
3.16701
3.16819
3.16429
3.16794
 
