32
0.032544
0.02032
0.017504
0.017344
0.01664
0.016736
0.01664
0.01664
0.016704
0.016704
 
64
0.055584
0.039456
0.03936
0.039552
0.039744
0.039488
0.03936
0.039584
0.039264
0.039616
 
128
0.148576
0.148096
0.148096
0.147488
0.147584
0.147488
0.147776
0.146688
0.147456
0.147616
 
256
0.594656
0.590368
0.591168
0.592736
0.590976
0.59072
0.590464
0.58896
0.5912
0.591296
 
512
2.32173
2.32672
2.32659
2.32778
2.32211
2.32602
2.32701
2.31875
2.32304
2.32234
 
1024
9.26618
9.26144
9.25107
9.25779
9.23664
9.24272
9.25091
9.2495
9.24477
9.24934
 
