32
0.021024
0.009728
0.007712
0.007328
0.0072
0.007392
0.007776
0.007264
0.007328
0.007136
 
64
0.023424
0.009632
0.013664
0.016288
0.007008
0.00704
0.006656
0.006688
0.006752
0.006784
 
128
0.013376
0.009504
0.009696
0.009632
0.00976
0.009568
0.009632
0.009568
0.009632
0.009632
 
256
0.038016
0.036448
0.036032
0.03584
0.036544
0.035776
0.036544
0.036064
0.035968
0.035744
 
512
0.133504
0.1296
0.128992
0.129024
0.129376
0.129888
0.129504
0.129152
0.12864
0.128096
 
1024
0.521152
0.51792
0.516128
0.517248
0.520064
0.518656
0.52032
0.519872
0.518208
0.519584
 
2048
1.9713
1.97043
1.96979
1.96803
1.97005
1.972
1.96912
1.9751
1.97565
1.96877
 
