32
0.026592
0.0136
0.012064
0.012064
0.01184
0.012128
0.011584
0.011872
0.011744
0.011488
 
64
0.032384
0.01808
0.016352
0.015392
0.015456
0.016288
0.015456
0.01552
0.015488
0.015488
 
128
0.054016
0.052416
0.052352
0.052384
0.052384
0.052352
0.052448
0.05232
0.05248
0.052384
 
256
0.234528
0.232608
0.232736
0.232576
0.232224
0.232288
0.232576
0.232352
0.232096
0.23248
 
512
0.917664
0.91584
0.917536
0.917632
0.917696
0.917824
0.917536
0.917696
0.914592
0.917152
 
1024
3.65085
3.64918
3.64701
3.64765
3.65142
3.65443
3.64963
3.65274
3.6471
3.64646
 
