32
0.021856
0.010912
0.008544
0.008352
0.008128
0.00816
0.00832
0.007872
0.007904
0.008096
 
64
0.02592
0.010624
0.00896
0.008096
0.008032
0.008896
0.008
0.008192
0.008032
0.007872
 
128
0.018624
0.015744
0.015712
0.01568
0.015712
0.015712
0.015712
0.01584
0.015712
0.01568
 
256
0.071552
0.06944
0.069504
0.069472
0.069568
0.069536
0.069472
0.06944
0.069568
0.06928
 
512
0.26752
0.264704
0.264672
0.264288
0.264704
0.264608
0.26464
0.264896
0.264512
0.264512
 
1024
1.04678
1.04522
1.04384
1.04557
1.04531
1.04448
1.04467
1.04502
1.04432
1.0449
 
