32
0.0264
0.015136
0.013536
0.012928
0.012736
0.013344
0.012672
0.012832
0.012768
0.0128
 
64
0.028064
0.01472
0.01296
0.013024
0.013088
0.012992
0.013056
0.012992
0.013952
0.013856
 
128
0.039616
0.03808
0.03808
0.037984
0.038048
0.038144
0.038208
0.03808
0.038176
0.037888
 
256
0.14656
0.143424
0.144128
0.144128
0.143808
0.144448
0.144224
0.143744
0.143712
0.144704
 
512
0.56192
0.559488
0.560256
0.560096
0.56032
0.559904
0.560544
0.559968
0.559648
0.559552
 
1024
2.22941
2.22717
2.22672
2.22771
2.22614
2.22736
2.2256
2.22493
2.22669
2.22611
 
2048
8.88384
8.88125
8.87939
8.88323
8.88278
8.87674
8.8777
8.88083
8.8824
8.87651
 
