32
0.023552
0.012032
0.010624
0.01008
0.01024
0.009248
0.010304
0.009152
0.00992
0.00992
 
64
0.03296
0.015168
0.012544
0.011616
0.01184
0.012416
0.011744
0.011712
0.01184
0.011616
 
128
0.030912
0.027424
0.027392
0.027392
0.027392
0.027456
0.027488
0.027456
0.027488
0.027392
 
256
0.13344
0.131648
0.131488
0.131264
0.131456
0.131456
0.131328
0.131584
0.131584
0.1312
 
512
0.51392
0.51232
0.511808
0.511328
0.51264
0.511712
0.512352
0.512064
0.512512
0.511872
 
1024
2.03504
2.03376
2.03242
2.03219
2.03222
2.03338
2.03466
2.0321
2.03251
2.03155
 
