32
0.028768
0.017632
0.015456
0.015168
0.01584
0.014784
0.014624
0.015296
0.015232
0.015424
 
64
0.047584
0.034176
0.03152
0.031584
0.03152
0.031488
0.03152
0.031552
0.03152
0.031552
 
128
0.124416
0.116352
0.116448
0.116352
0.11648
0.116384
0.116416
0.116512
0.11632
0.116544
 
256
0.487872
0.486112
0.486112
0.486016
0.485696
0.485952
0.486176
0.486272
0.48592
0.486016
 
512
1.92826
1.92541
1.92576
1.92557
1.9264
1.92515
1.92576
1.92557
1.92682
1.92598
 
1024
7.68742
7.68573
7.68608
7.68515
7.68656
7.68576
7.68605
7.68454
7.68528
7.68544
 
