32
0.024352
0.012448
0.010496
0.010336
0.01056
0.010336
0.010016
0.010112
0.010144
0.010112
 
64
0.027328
0.013728
0.013824
0.013856
0.013824
0.013792
0.01392
0.013664
0.01392
0.01376
 
128
0.041408
0.040032
0.039552
0.03984
0.03984
0.039776
0.040064
0.039968
0.039904
0.039776
 
256
0.152544
0.150208
0.150816
0.149376
0.150112
0.149888
0.152128
0.149856
0.15056
0.150272
 
512
0.585184
0.581504
0.581568
0.58288
0.584096
0.581728
0.584544
0.582112
0.58256
0.583936
 
1024
2.31338
2.31008
2.30944
2.30963
2.31424
2.31478
2.31661
2.30797
2.31158
2.31094
 
2048
9.20896
9.21744
9.22691
9.20634
9.20749
9.19946
9.19629
12.1033
9.20064
9.20275
 
