32
0.029536
0.019424
0.016032
0.015872
0.015968
0.015904
0.015872
0.01584
0.015872
0.015712
 
64
0.050176
0.037696
0.036768
0.036736
0.036736
0.036672
0.03696
0.036736
0.036768
0.036512
 
128
0.138976
0.13744
0.137408
0.137472
0.137472
0.137472
0.137472
0.137536
0.137472
0.13744
 
256
0.575136
0.57216
0.572
0.57136
0.572896
0.573152
0.571936
0.572768
0.571712
0.57296
 
512
2.27459
2.27923
2.27581
2.27149
2.27021
2.27171
2.27408
2.27152
2.27507
2.276
 
1024
9.07648
9.07152
9.0703
9.06922
9.06746
9.06826
9.06595
9.06826
9.07072
9.06781
 
