32
0.027904
0.016352
0.014496
0.014368
0.014272
0.013952
0.013824
0.01392
0.013824
0.013216
 
64
0.032768
0.019136
0.01808
0.017248
0.017536
0.020256
0.017056
0.01552
0.016992
0.016128
 
128
0.054368
0.046528
0.046368
0.04688
0.046208
0.046656
0.047456
0.047072
0.048256
0.046464
 
256
0.180544
0.175008
0.17568
0.174144
0.173184
0.176608
0.176992
0.174976
0.175264
0.173952
 
512
0.686304
0.683904
0.683616
0.6824
0.684512
0.685792
0.681248
0.684608
0.684352
0.683808
 
1024
2.7161
2.71027
2.70768
2.71261
2.71907
2.70822
2.71027
2.71194
2.71504
2.71366
 
2048
10.8489
10.8373
10.8382
10.8393
10.8173
10.8372
10.8331
10.818
10.8322
10.8492
 
