32
0.025376
0.014976
0.012864
0.01264
0.010848
0.010112
0.012608
0.012608
0.012672
0.013056
 
64
0.033056
0.019712
0.020128
0.02048
0.020096
0.020096
0.019552
0.019424
0.020064
0.01968
 
128
0.06928
0.066752
0.06688
0.067872
0.067552
0.067232
0.06864
0.066976
0.06784
0.067712
 
256
0.261344
0.25904
0.258912
0.25984
0.259072
0.259424
0.25968
0.259776
0.259008
0.257824
 
512
1.01734
1.01693
1.01603
1.01354
1.01677
1.01325
1.01555
1.0135
1.01837
1.01507
 
1024
4.04458
4.03818
4.03667
4.04154
4.03968
4.03757
4.03901
4.03862
4.03674
4.04006
 
2048
16.1467
16.146
16.1494
16.1394
16.1326
16.1405
16.1381
16.1513
16.1376
16.141
 
