32
0.023392
0.012448
0.010368
0.01024
0.010208
0.010368
0.009792
0.009824
0.009984
0.00976
 
64
0.024512
0.01088
0.008896
0.008896
0.00896
0.008896
0.009024
0.008832
0.008896
0.008896
 
128
0.028032
0.026432
0.02624
0.0264
0.026336
0.026368
0.026304
0.026432
0.02624
0.026496
 
256
0.107104
0.104928
0.104928
0.105056
0.104768
0.105152
0.104288
0.104992
0.104672
0.104864
 
512
0.409856
0.408
0.40816
0.407904
0.40688
0.407552
0.407808
0.407968
0.407808
0.40768
 
1024
1.62122
1.61997
1.61968
1.62042
1.6175
1.61898
1.6199
1.62016
1.61763
1.61942
 
2048
6.4647
6.46512
6.46202
6.46502
6.46362
6.4624
6.46397
6.46304
6.4641
6.46269
 
