32
0.03248
0.01792
0.017536
0.016896
0.016992
0.016832
0.016992
0.016672
0.017216
0.016416
 
64
0.048384
0.032064
0.02976
0.028992
0.029024
0.028896
0.028864
0.0296
0.028768
0.028512
 
128
0.101056
0.093568
0.093056
0.093504
0.092896
0.093312
0.093024
0.094176
0.093824
0.093568
 
256
0.3592
0.355616
0.357312
0.355744
0.356672
0.35712
0.35632
0.355744
0.35696
0.356288
 
512
1.40605
1.4049
1.40646
1.40566
1.40522
1.40614
1.40374
1.40387
1.40282
1.40419
 
1024
5.59958
5.5977
5.59968
5.5959
5.59763
5.59696
5.59782
5.59718
5.59667
5.59645
 
2048
22.3729
22.3726
22.3716
22.3669
22.3697
22.3756
22.3701
22.3738
22.3685
22.3693
 
