32
0.034432
0.023968
0.022048
0.020416
0.0208
0.0208
0.020576
0.02112
0.02048
0.020832
 
64
0.050112
0.0368
0.034464
0.034272
0.034688
0.03472
0.034048
0.035104
0.03408
0.034336
 
128
0.108256
0.105728
0.10656
0.107552
0.10672
0.107488
0.106688
0.106912
0.10768
0.106432
 
256
0.405952
0.40704
0.405728
0.408768
0.405728
0.403712
0.406496
0.403712
0.408192
0.405632
 
512
1.5984
1.59562
1.58902
1.59226
1.59619
1.5896
1.5928
1.59456
1.5911
1.59786
 
1024
6.34726
6.35046
6.34064
6.34646
6.34688
6.34512
6.34723
6.35427
6.33936
6.35187
 
2048
25.3465
25.359
25.3557
25.3393
25.3574
25.3416
25.3573
25.3469
25.3574
25.3383
 
