32
0.025952
0.01728
0.014112
0.013344
0.013728
0.013344
0.013216
0.013248
0.01312
0.013152
 
64
0.033312
0.020608
0.017888
0.017888
0.01872
0.017856
0.017888
0.017952
0.038144
0.019456
 
128
0.06432
0.062912
0.062912
0.062944
0.062656
0.062816
0.06272
0.062688
0.062848
0.063616
 
256
0.2536
0.251648
0.251648
0.25184
0.251936
0.252224
0.252352
0.251648
0.25296
0.252704
 
512
1.00336
0.999328
1.00435
0.998368
1.00192
0.997568
1.0009
1.00323
0.997248
0.999456
 
1024
3.99946
3.99389
4.00275
3.99914
3.9961
4.00502
3.98886
3.99171
3.99267
3.99386
 
2048
15.9257
15.9144
15.9247
15.9119
15.913
15.9163
15.9181
15.924
15.9167
15.9284
 
