32
0.02464
0.015904
0.01232
0.01184
0.01216
0.01168
0.011776
0.011552
0.011584
0.011424
 
64
0.030208
0.016384
0.01504
0.015296
0.015296
0.014912
0.015168
0.014848
0.033056
0.015264
 
128
0.050208
0.048128
0.04848
0.048032
0.049184
0.048256
0.048704
0.048352
0.04944
0.04896
 
256
0.186528
0.184736
0.185056
0.184288
0.185248
0.185056
0.18464
0.184928
0.185344
0.184416
 
512
0.72
0.717696
0.719392
0.72224
0.717664
0.717888
0.718976
0.718624
0.7216
0.718048
 
1024
2.86256
2.85926
2.8552
2.85622
2.85565
2.85456
2.86106
2.85549
2.85546
2.8584
 
2048
11.4121
11.4077
11.4146
11.4026
11.404
11.4059
11.4027
11.4013
11.4081
11.4027
 
