32
0.027616
0.012288
0.012448
0.011904
0.011488
0.011744
0.01136
0.011424
0.01136
0.011456
 
64
0.025792
0.012256
0.010272
0.026112
0.010368
0.010368
0.010272
0.008768
0.00912
0.0088
 
128
0.024896
0.02352
0.023584
0.02352
0.023648
0.023456
0.02416
0.023488
0.023616
0.023552
 
256
0.089856
0.08768
0.087616
0.087808
0.088064
0.087584
0.087744
0.087456
0.087936
0.087872
 
512
0.341024
0.338144
0.338368
0.337696
0.338656
0.33824
0.337664
0.338304
0.338592
0.338784
 
1024
1.3448
1.34301
1.34144
1.34266
1.34442
1.34275
1.3424
1.34259
1.34362
1.34256
 
2048
5.33898
5.33475
5.33869
5.33674
5.33824
5.33558
5.3375
5.33901
5.33917
5.33837
 
