32
0.023232
0.011744
0.010112
0.00944
0.009408
0.00992
0.009344
0.009312
0.00944
0.009408
 
64
0.023264
0.01072
0.010656
0.010656
0.010624
0.010624
0.010656
0.01056
0.010624
0.010592
 
128
0.035136
0.033472
0.033376
0.033472
0.033248
0.033472
0.03328
0.033312
0.03344
0.03344
 
256
0.137888
0.136032
0.135744
0.135232
0.135776
0.13568
0.135744
0.135648
0.13552
0.135392
 
512
0.53344
0.530944
0.531232
0.530368
0.529888
0.53104
0.53056
0.530528
0.531136
0.530272
 
1024
2.11312
2.11107
2.11011
2.112
2.1111
2.11152
2.11034
2.11267
2.11078
2.11002
 
2048
8.44064
8.43021
8.43379
8.43203
8.43632
8.43299
8.43549
8.43635
8.43306
8.43619
 
