32
0.025696
0.01328
0.012
0.011552
0.011072
0.011488
0.011296
0.011104
0.011328
0.011072
 
64
0.024768
0.01072
0.008192
0.008224
0.008256
0.009088
0.008224
0.008192
0.008224
0.008288
 
128
0.025504
0.023872
0.024
0.023936
0.024
0.024032
0.024
0.023904
0.023936
0.024
 
256
0.09984
0.0976
0.09776
0.097952
0.097856
0.097664
0.097792
0.097856
0.097888
0.097568
 
512
0.382912
0.379904
0.379616
0.379872
0.380128
0.380928
0.380512
0.379232
0.38
0.380256
 
1024
1.51286
1.51056
1.51008
1.51133
1.51078
1.50794
1.5095
1.51139
1.5111
1.51056
 
2048
6.03216
6.02698
6.02774
6.02874
6.02746
6.02995
6.02835
6.03171
6.02672
6.0313
 
