32
0.02368
0.012
0.010336
0.009952
0.009472
0.009408
0.009536
0.009568
0.009344
0.009568
 
64
0.024032
0.010304
0.00816
0.008192
0.008256
0.00816
0.008192
0.008224
0.008192
0.00832
 
128
0.027904
0.022912
0.022688
0.022816
0.022752
0.022784
0.022784
0.022688
0.022752
0.022752
 
256
0.092576
0.089376
0.089856
0.089472
0.090016
0.09008
0.089984
0.090016
0.089824
0.08992
 
512
0.34976
0.351968
0.348896
0.348384
0.351456
0.348032
0.349216
0.34752
0.347296
0.346912
 
1024
1.40976
1.4071
1.40714
1.40538
1.4055
1.40954
1.41059
1.40762
1.40822
1.40915
 
2048
5.77178
5.75341
5.7449
5.7599
5.75226
5.75757
5.75789
5.75821
5.76352
5.75597
 
