32
0.027616
0.016
0.014016
0.0136
0.012864
0.013536
0.013024
0.013024
0.013536
0.013248
 
64
0.039104
0.02528
0.022784
0.02272
0.02288
0.022816
0.02352
0.022752
0.023552
0.022912
 
128
0.084672
0.08192
0.081344
0.081792
0.081792
0.084448
0.081792
0.080608
0.081184
0.08272
 
256
0.327488
0.325536
0.32768
0.328064
0.328768
0.325984
0.325824
0.326432
0.325376
0.32736
 
512
1.30051
1.29133
1.2961
1.29459
1.29274
1.29437
1.29219
1.29798
1.29219
1.29258
 
1024
5.15866
5.16086
5.15478
5.16115
5.16605
5.15414
5.16336
5.1575
5.16397
5.16358
 
2048
20.7672
20.5916
20.5867
20.5858
20.6033
20.5881
20.5796
20.5734
20.5884
20.5835
 
