32
0.027424
0.015904
0.013344
0.013408
0.013376
0.013152
0.012992
0.013184
0.01328
0.013152
 
64
0.033568
0.021024
0.021728
0.021696
0.020736
0.021504
0.0216
0.021792
0.021248
0.020992
 
128
0.066784
0.06384
0.063872
0.063936
0.063296
0.063584
0.063136
0.064544
0.063936
0.064384
 
256
0.244064
0.241184
0.2408
0.242816
0.242464
0.242304
0.241888
0.242048
0.24256
0.243008
 
512
0.949632
0.949504
0.950368
0.949312
0.949344
0.94784
0.951808
0.947808
0.94528
0.94912
 
1024
3.77168
3.7703
3.77747
3.76813
3.76611
3.76774
3.77795
3.77347
3.7719
3.77654
 
2048
15.072
15.0584
15.0611
15.0636
15.0721
15.0631
15.0646
15.0746
15.0619
15.0696
 
