32
0.032864
0.02208
0.019328
0.018432
0.018496
0.018528
0.01856
0.018528
0.018464
0.018688
 
64
0.064864
0.052032
0.051104
0.051072
0.050976
0.051072
0.051104
0.051072
0.051072
0.051104
 
128
0.19648
0.194912
0.194848
0.19504
0.194976
0.194976
0.19488
0.19504
0.194944
0.194944
 
256
0.80304
0.800928
0.800224
0.801984
0.801344
0.80064
0.802848
0.80112
0.802304
0.802912
 
512
3.18742
3.18445
3.18461
3.18445
3.18438
3.18272
3.18304
3.18835
3.18301
3.18154
 
1024
12.7102
12.7098
12.7072
12.7097
12.7083
12.7094
12.7098
12.7109
12.7025
12.7078
 
