32
0.033312
0.021632
0.02032
0.019232
0.019744
0.019424
0.0192
0.018976
0.019936
0.018944
 
64
0.041088
0.028064
0.027072
0.027008
0.026944
0.027072
0.026816
0.026944
0.02688
0.027072
 
128
0.100096
0.098624
0.09856
0.098656
0.098496
0.098688
0.098496
0.098656
0.098592
0.09856
 
256
0.398624
0.396608
0.396544
0.39648
0.397216
0.396512
0.396352
0.396032
0.396288
0.397056
 
512
1.5761
1.5743
1.5743
1.57373
1.57366
1.57501
1.5719
1.57414
1.57488
1.57277
 
1024
6.28672
6.2816
6.28304
6.28557
6.28602
6.28739
6.28413
6.28618
6.28598
6.28429
 
2048
25.1355
25.1277
25.1243
25.1255
25.1212
25.1266
25.13
25.1228
25.1234
25.1304
 
