32
0.026016
0.016896
0.014176
0.013504
0.01344
0.013344
0.013408
0.013504
0.013248
0.013664
 
64
0.042752
0.031072
0.029568
0.0296
0.029376
0.02944
0.029408
0.029376
0.029632
0.02944
 
128
0.109696
0.108
0.108064
0.10688
0.108
0.108256
0.108224
0.107584
0.107776
0.108448
 
256
0.437536
0.433504
0.43328
0.431488
0.433568
0.433568
0.432448
0.431872
0.43344
0.433664
 
512
1.70896
1.70211
1.70208
1.70163
1.70314
1.7097
1.70544
1.70598
1.69936
1.70541
 
1024
6.78179
6.78493
6.77632
6.7696
6.77542
6.77446
6.78486
6.77574
6.76925
6.77955
 
