32
0.023488
0.012448
0.010592
0.010048
0.010496
0.00992
0.00992
0.00992
0.009856
0.009856
 
64
0.025952
0.014464
0.01264
0.012704
0.012544
0.012736
0.012736
0.012768
0.012736
0.0128
 
128
0.039168
0.0376
0.037408
0.037504
0.037344
0.037504
0.037376
0.037312
0.037472
0.037408
 
256
0.143168
0.140896
0.14096
0.140544
0.140864
0.140672
0.140704
0.140352
0.139808
0.14048
 
512
0.549888
0.548384
0.546656
0.54736
0.545952
0.545856
0.546848
0.548768
0.548576
0.545984
 
1024
2.1767
2.16877
2.17062
2.17744
2.17939
2.17261
2.17491
2.16605
2.17008
2.17302
 
2048
8.68413
8.68336
8.65955
8.6743
8.6553
8.65856
8.67434
8.66528
8.66336
8.66211
 
