32
0.038944
0.0288
0.026944
0.026272
0.026752
0.026208
0.026176
0.026176
0.026176
0.02624
 
64
0.055456
0.042816
0.041088
0.041152
0.040992
0.04096
0.041024
0.040768
0.041056
0.041024
 
128
0.156128
0.154752
0.157632
0.154912
0.155008
0.155104
0.15472
0.15472
0.155168
0.154784
 
256
0.624384
0.620832
0.621728
0.621888
0.622144
0.620512
0.621728
0.621184
0.621792
0.621536
 
512
2.47811
2.4744
2.47594
2.47546
2.47555
2.4753
2.47498
2.47539
2.47632
2.4761
 
1024
9.89219
9.89389
9.89024
9.88864
9.888
9.88682
9.88816
9.89066
9.88829
9.89056
 
2048
39.5553
39.5469
39.5437
39.5503
39.5552
39.5514
39.5481
39.5569
39.5554
39.5494
 
