32
0.020832
0.010368
0.00896
0.008384
0.00816
0.0088
0.008192
0.008192
0.008128
0.008096
 
64
0.024288
0.011936
0.011744
0.012032
0.011808
0.012448
0.011744
0.011712
0.011776
0.011744
 
128
0.038976
0.038624
0.037696
0.038144
0.037952
0.037952
0.038208
0.038368
0.037792
0.03792
 
256
0.157568
0.156672
0.15536
0.156288
0.157056
0.156768
0.156064
0.15552
0.156256
0.15584
 
512
0.618784
0.614432
0.616576
0.615968
0.613184
0.61504
0.615584
0.616256
0.616704
0.615808
 
1024
2.4695
2.46026
2.46387
2.4559
2.4632
2.45904
2.46922
2.45427
2.46326
2.46138
 
2048
9.6928
9.67926
9.67987
9.68704
9.68352
9.6849
9.68979
9.6921
9.68624
9.69101
 
