32
0.022816
0.012736
0.010752
0.0104
0.0104
0.010432
0.010272
0.009696
0.01024
0.010272
 
64
0.024224
0.010944
0.009248
0.009312
0.009248
0.009216
0.009216
0.009248
0.00928
0.009216
 
128
0.027328
0.025792
0.025824
0.02608
0.025696
0.025632
0.025472
0.0256
0.02576
0.025888
 
256
0.094752
0.093024
0.092672
0.093056
0.092416
0.09232
0.092256
0.09232
0.092
0.09312
 
512
0.354624
0.352736
0.352256
0.352384
0.353088
0.354272
0.352928
0.353408
0.352896
0.353312
 
1024
1.39533
1.39299
1.39437
1.39472
1.3943
1.39446
1.39491
1.39533
1.39472
1.39536
 
2048
5.55898
5.55926
5.55658
5.5561
5.56
5.55501
5.55744
5.55664
5.56042
5.55632
 
