32
0.023552
0.01376
0.01024
0.0104
0.013024
0.014336
0.010368
0.010368
0.0104
0.00992
 
64
0.02656
0.013568
0.010784
0.01088
0.01024
0.01136
0.010208
0.010784
0.010176
0.01008
 
128
0.035264
0.028224
0.028288
0.028096
0.028224
0.028192
0.028128
0.028288
0.028192
0.02832
 
256
0.114016
0.112672
0.112544
0.112736
0.112352
0.113248
0.112832
0.112192
0.112736
0.112576
 
512
0.442208
0.441056
0.440608
0.43968
0.440608
0.43968
0.439616
0.439616
0.440128
0.440928
 
1024
1.7505
1.74992
1.74906
1.74874
1.75293
1.7513
1.74797
1.75014
1.75203
1.75098
 
2048
7.01488
7.00554
7.00742
7.0095
7.01123
7.01277
7.17994
7.0121
7.01034
7.01168
 
