32
0.0256
0.015456
0.013056
0.012448
0.01312
0.012224
0.012416
0.01232
0.012352
0.01216
 
64
0.036672
0.02336
0.021536
0.021536
0.02144
0.021664
0.021632
0.02192
0.021728
0.021696
 
128
0.07728
0.076544
0.075648
0.076928
0.076064
0.076384
0.076288
0.07648
0.076288
0.07632
 
256
0.311136
0.307776
0.308832
0.308352
0.308544
0.30816
0.30768
0.309024
0.309856
0.310144
 
512
1.21098
1.20778
1.20896
1.2095
1.21078
1.21146
1.21165
1.21075
1.20851
1.21386
 
1024
4.81059
4.80982
4.80995
4.81715
4.81254
4.81309
4.8064
4.81789
4.8143
4.80618
 
