32
0.023744
0.013472
0.011392
0.011136
0.010784
0.011328
0.010976
0.010752
0.010784
0.01104
 
64
0.027936
0.0136
0.011968
0.01104
0.011168
0.011872
0.01104
0.011104
0.011104
0.01312
 
128
0.034848
0.033408
0.033376
0.033408
0.033376
0.033472
0.033376
0.03344
0.03328
0.033376
 
256
0.132224
0.129728
0.130496
0.130048
0.129696
0.130336
0.130144
0.130336
0.13024
0.1304
 
512
0.510144
0.508896
0.508704
0.508448
0.509664
0.508576
0.508064
0.509952
0.5088
0.50848
 
1024
2.05216
2.04685
2.04691
2.04858
2.0464
2.04627
2.04765
2.04618
2.04682
2.04707
 
2048
8.31885
8.31424
8.3105
8.31587
8.31002
8.31309
8.32
8.31782
8.31626
8.31475
 
