32
0.087296
0.072512
0.07232
0.071776
0.072448
0.071776
0.071712
0.070944
0.095168
0.071488
 
64
0.103392
0.087648
0.085088
0.085504
0.085376
0.084576
0.085056
0.085056
0.084928
0.085024
 
128
0.201408
0.199296
0.200096
0.19888
0.199584
0.198848
0.199712
0.19904
0.199296
0.199264
 
256
1.08032
1.07805
1.07891
1.0783
1.07786
1.07738
1.08346
1.07795
1.08035
1.07795
 
512
4.90202
4.89021
4.88822
4.88957
4.89558
4.89078
4.89542
4.89869
4.89414
4.89581
 
1024
24.4177
24.4298
24.4189
30.6706
24.4193
24.4277
24.4064
24.4178
24.4077
24.4113
 
2048
107.214
113.536
107.171
107.229
113.446
107.227
107.228
107.217
107.238
107.243
 
