32
0.081184
0.039488
0.065184
0.06528
0.065408
0.06528
0.106784
0.065856
0.064896
0.066144
 
64
0.144064
0.128
0.127104
0.12608
0.126048
0.126048
0.126048
0.1272
0.127168
0.125984
 
128
0.547968
0.54624
0.546144
0.546208
0.546208
0.546144
0.54624
0.546368
0.546176
0.545984
 
256
3.62531
3.62483
3.62442
3.62426
3.62499
3.62355
3.62358
3.62445
3.62307
3.62291
 
512
17.4671
17.4713
17.4663
17.469
17.4669
17.4682
17.4703
17.4716
17.4689
17.468
 
1024
83.4663
83.4688
83.4642
83.4642
83.4702
83.4682
87.2729
83.4763
83.4712
83.4625
 
