32
0.071968
0.060896
0.057984
0.05696
0.05712
0.05744
0.057152
0.05728
0.05744
0.057536
 
64
0.119712
0.104736
0.103328
0.103104
0.103392
0.103168
0.102848
0.104096
0.102624
0.102944
 
128
0.394464
0.39264
0.393376
0.392384
0.392832
0.392928
0.393184
0.393088
0.393376
0.392736
 
256
2.24896
2.24682
2.24976
2.24781
2.25126
2.2481
2.24614
2.24387
2.24768
2.24867
 
512
10.7637
10.7587
10.7579
10.7637
10.7607
10.7598
10.7587
10.7593
10.76
10.7608
 
1024
52.1241
58.4299
52.1108
52.1214
52.1118
52.1323
52.1116
52.1214
52.1092
58.3335
 
2048
240.062
246.455
246.36
240.208
240.106
240.028
246.29
246.291
240.066
240.09
 
