32
0.07712
0.065088
0.063072
0.082496
0.063296
0.063584
0.0632
0.062816
0.062016
0.063232
 
64
0.0936
0.078432
0.077376
0.076512
0.076608
0.076576
0.07664
0.077504
0.077504
0.076544
 
128
0.289696
0.287584
0.288032
0.287904
0.287968
0.288064
0.288224
0.287808
0.28768
0.287712
 
256
1.69094
1.68624
1.6871
1.68758
1.68643
1.68672
1.68595
1.68787
1.68592
1.68746
 
512
8.10842
8.10726
8.10525
8.10342
8.10115
8.10166
8.10186
8.0983
8.09939
8.10314
 
1024
38.8778
38.8743
38.8812
38.8715
38.8753
38.8782
39.749
41.7314
38.8689
38.8817
 
2048
185.226
182.334
182.333
186.036
182.324
182.329
185.973
182.308
182.298
186.047
 
