32
0.083744
0.065376
0.06608
0.06624
0.066496
0.065664
0.065728
0.065696
0.065344
0.066368
 
64
0.106976
0.08992
0.087968
0.08736
0.087552
0.08736
0.08736
0.088992
0.086976
0.088352
 
128
0.171136
0.1672
0.167232
0.166688
0.16704
0.168288
0.166208
0.166464
0.166176
0.166112
 
256
0.90416
0.9008
0.902496
0.901664
0.903488
0.903136
0.904
0.900896
0.904512
0.899616
 
512
4.07162
4.06822
4.07098
4.07098
4.07462
4.06973
4.08237
4.06698
4.0769
4.06966
 
1024
19.0734
19.0738
19.9929
21.9618
19.0924
19.0765
19.0792
19.0689
19.0761
19.0804
 
2048
89.3305
89.3331
89.3348
89.2855
89.3125
90.1938
92.1791
89.3173
89.3107
89.3208
 
