32
0.068928
0.055552
0.054144
0.0536
0.054432
0.053472
0.053888
0.053696
0.053952
0.05424
 
64
0.081824
0.06784
0.06704
0.066464
0.066688
0.066848
0.066656
0.084192
0.066816
0.066784
 
128
0.244416
0.242752
0.243072
0.24352
0.2432
0.243328
0.243104
0.243296
0.243104
0.243136
 
256
1.46109
1.45914
1.4569
1.45638
1.45626
1.45712
1.45693
1.45939
1.45773
1.45498
 
512
7.03587
7.03158
7.03734
7.03322
7.0351
7.03638
7.03101
7.03738
7.03107
7.03814
 
1024
33.8852
33.8851
33.8522
33.9028
33.8711
33.8777
33.9248
33.9129
33.8828
33.8881
 
2048
164.862
161.083
161.19
161.082
164.919
161.181
161.094
161.144
164.858
161.114
 
