32
0.200832
0.184576
0.183872
0.184288
0.185472
0.186272
0.184064
0.183488
0.184704
0.18528
 
64
0.88224
0.864896
0.861792
0.862656
0.860192
0.863872
0.859072
0.86112
0.861888
0.859552
 
128
4.36973
4.36019
4.3551
4.35574
4.35875
4.35482
4.35955
4.35878
4.3585
4.35498
 
256
24.3893
24.3977
24.3847
25.391
27.4021
24.4087
24.3997
24.3908
24.3959
24.393
 
512
120.373
120.423
123.172
108.995
108.975
108.988
108.983
107.346
109.106
105.324
 
1024
515.552
515.468
518.923
518.417
512.014
515.633
515.492
515.187
515.563
515.247
 
2048
2441.45
2438.01
2450.5
2437.34
2438.09
2445.22
2447.71
2437.23
2438.38
2436.95
 
