32
0.085248
0.072128
0.070432
0.069728
0.07008
0.06944
0.07056
0.07168
0.069632
0.07056
 
64
0.279232
0.261056
0.258496
0.258624
0.259392
0.259424
0.260192
0.26288
0.259232
0.258912
 
128
1.21629
1.20794
1.19872
1.20086
1.20006
1.19984
1.20106
1.20112
1.2009
1.20288
 
256
7.1327
7.1281
7.1305
7.13411
7.13149
7.13187
7.13091
7.13229
7.13174
7.13258
 
512
34.9255
34.938
34.9295
34.9324
38.6471
34.9339
34.9342
34.9249
34.9334
34.9262
 
1024
170.121
173.879
173.868
173.773
173.873
170.124
170.126
170.136
173.877
170.131
 
2048
802.579
802.471
806.208
802.44
802.451
806.205
802.5
802.516
806.29
802.304
 
