32
0.111808
0.06848
0.06752
0.065824
0.065472
0.06624
0.066496
0.066464
0.066624
0.067168
 
64
0.090976
0.077088
0.075232
0.075328
0.075008
0.074688
0.074688
0.075776
0.119392
0.072704
 
128
0.184864
0.182784
0.180256
0.178976
0.179936
0.179456
0.18112
0.178944
0.178656
0.17984
 
256
0.961184
0.955552
0.957056
0.951584
0.9552
0.952096
0.952864
0.951136
0.95248
0.957664
 
512
4.36077
4.3311
4.34198
4.34381
4.34278
4.33504
4.35107
4.43382
7.98464
4.33971
 
1024
20.4266
20.4367
20.4119
20.4403
20.4105
20.4256
20.4116
20.4176
20.4016
20.4345
 
2048
95.9044
95.8473
99.5164
95.8501
95.7969
95.7633
95.9208
95.8584
99.5292
95.7824
 
