32
0.033152
0.056512
0.054816
0.05552
0.054848
0.055136
0.054688
0.053632
0.054944
0.055712
 
64
0.080096
0.065184
0.063936
0.063744
0.064256
0.063904
0.063648
0.06704
0.063808
0.0632
 
128
0.194912
0.192992
0.192672
0.1928
0.193024
0.1928
0.192384
0.193216
0.192544
0.193408
 
256
1.14205
1.14026
1.13968
1.13965
1.14096
1.13766
1.1393
1.13814
1.13734
1.13894
 
512
5.28512
5.28538
5.28214
5.28499
5.28163
5.51699
5.28797
8.18557
5.28832
5.28954
 
1024
24.9919
24.9897
24.9906
24.9776
24.986
24.9802
24.99
24.9974
25.0017
25.0027
 
2048
117.451
124.973
121.099
117.444
117.442
117.43
121.253
117.473
117.473
117.489
 
