32
0.072064
0.0616
0.058432
0.056992
0.058528
0.057568
0.057952
0.057376
0.0576
0.058304
 
64
0.09696
0.082528
0.081568
0.080832
0.0808
0.081248
0.088
0.080736
0.08112
0.080672
 
128
0.307488
0.306016
0.306528
0.305984
0.305984
0.30592
0.306048
0.30608
0.306208
0.306048
 
256
1.95302
1.95088
1.95056
1.95107
1.94963
1.95072
1.95014
1.95011
1.95069
1.94979
 
512
9.30714
9.30125
9.30432
9.30086
9.30448
9.30525
9.30467
9.30368
9.3023
9.30438
 
1024
44.3605
48.1425
44.3615
44.3608
44.3553
44.3552
44.3566
44.3502
44.3581
44.3557
 
